I1222 01:56:47.850553   171 caffe.cpp:210] Use CPU.
I1222 01:56:47.850888   171 solver.cpp:48] Initializing solver from parameters: 
test_iter: 100
test_interval: 500
base_lr: 0.01
display: 100
max_iter: 10000
lr_policy: "inv"
gamma: 0.0001
power: 0.75
momentum: 0.9
weight_decay: 0.0005
snapshot: 500
snapshot_prefix: "/workspace/parkingclassifier-caffe/lenet32x40_3_ive_20191221"
solver_mode: CPU
net: "/workspace/parkingclassifier-caffe/LeNet32x40_3_ive.prototxt"
train_state {
  level: 0
  stage: ""
}
I1222 01:56:47.851238   171 solver.cpp:91] Creating training net from net file: /workspace/parkingclassifier-caffe/LeNet32x40_3_ive.prototxt
I1222 01:56:47.851511   171 net.cpp:322] The NetState phase (0) differed from the phase (1) specified by a rule in layer nexpa
I1222 01:56:47.851524   171 net.cpp:322] The NetState phase (0) differed from the phase (1) specified by a rule in layer accuracy
I1222 01:56:47.851595   171 net.cpp:58] Initializing net from parameters: 
name: "LeNet32x40_3"
state {
  phase: TRAIN
  level: 0
  stage: ""
}
layer {
  name: "nexpa"
  type: "Data"
  top: "data1"
  top: "label"
  include {
    phase: TRAIN
  }
  transform_param {
    scale: 0.00390625
    mirror: true
  }
  data_param {
    source: "/workspace/parkingclassifier-caffe/20191221_data/20191221_data_train_lmdb"
    batch_size: 64
    backend: LMDB
  }
}
layer {
  name: "conv1"
  type: "Convolution"
  bottom: "data1"
  top: "conv_blob1"
  convolution_param {
    num_output: 50
    bias_term: true
    kernel_size: 3
    group: 1
    stride: 1
    weight_filler {
      type: "xavier"
    }
    bias_filler {
      type: "constant"
    }
    dilation: 1
  }
}
layer {
  name: "relu1"
  type: "ReLU"
  bottom: "conv_blob1"
  top: "relu_blob1"
}
layer {
  name: "conv2"
  type: "Convolution"
  bottom: "relu_blob1"
  top: "conv_blob2"
  convolution_param {
    num_output: 50
    bias_term: true
    kernel_size: 3
    group: 1
    stride: 1
    weight_filler {
      type: "xavier"
    }
    bias_filler {
      type: "constant"
    }
    dilation: 1
  }
}
layer {
  name: "relu2"
  type: "ReLU"
  bottom: "conv_blob2"
  top: "relu_blob2"
}
layer {
  name: "max_pool1"
  type: "Pooling"
  bottom: "relu_blob2"
  top: "max_pool_blob1"
  pooling_param {
    pool: MAX
    kernel_size: 2
    stride: 2
  }
}
layer {
  name: "conv3"
  type: "Convolution"
  bottom: "max_pool_blob1"
  top: "conv_blob3"
  convolution_param {
    num_output: 28
    bias_term: true
    kernel_size: 3
    group: 1
    stride: 1
    weight_filler {
      type: "xavier"
    }
    bias_filler {
      type: "constant"
    }
    dilation: 1
  }
}
layer {
  name: "relu3"
  type: "ReLU"
  bottom: "conv_blob3"
  top: "relu_blob3"
}
layer {
  name: "conv4"
  type: "Convolution"
  bottom: "relu_blob3"
  top: "conv_blob4"
  convolution_param {
    num_output: 28
    bias_term: true
    kernel_size: 3
    group: 1
    stride: 1
    weight_filler {
      type: "xavier"
    }
    bias_filler {
      type: "constant"
    }
    dilation: 1
  }
}
layer {
  name: "relu4"
  type: "ReLU"
  bottom: "conv_blob4"
  top: "relu_blob4"
}
layer {
  name: "max_pool2"
  type: "Pooling"
  bottom: "relu_blob4"
  top: "max_pool_blob2"
  pooling_param {
    pool: MAX
    kernel_size: 2
    stride: 2
  }
}
layer {
  name: "fc1"
  type: "InnerProduct"
  bottom: "max_pool_blob2"
  top: "fc_blob1"
  inner_product_param {
    num_output: 256
    bias_term: true
    weight_filler {
      type: "xavier"
    }
    bias_filler {
      type: "constant"
    }
  }
}
layer {
  name: "relu5"
  type: "ReLU"
  bottom: "fc_blob1"
  top: "relu_blob5"
}
layer {
  name: "fc2"
  type: "InnerProduct"
  bottom: "relu_blob5"
  top: "fc_blob2"
  inner_product_param {
    num_output: 84
    bias_term: true
    weight_filler {
      type: "xavier"
    }
    bias_filler {
      type: "constant"
    }
  }
}
layer {
  name: "relu6"
  type: "ReLU"
  bottom: "fc_blob2"
  top: "relu_blob6"
}
layer {
  name: "fc3"
  type: "InnerProduct"
  bottom: "relu_blob6"
  top: "fc_blob3"
  inner_product_param {
    num_output: 2
    bias_term: true
    weight_filler {
      type: "xavier"
    }
    bias_filler {
      type: "constant"
    }
  }
}
layer {
  name: "accuracy"
  type: "Accuracy"
  bottom: "fc_blob3"
  bottom: "label"
  top: "accuracy"
  include {
    phase: TRAIN
  }
}
layer {
  name: "loss"
  type: "SoftmaxWithLoss"
  bottom: "fc_blob3"
  bottom: "label"
  top: "loss"
}
I1222 01:56:47.852097   171 layer_factory.hpp:77] Creating layer nexpa
I1222 01:56:47.853780   171 net.cpp:100] Creating Layer nexpa
I1222 01:56:47.853796   171 net.cpp:408] nexpa -> data1
I1222 01:56:47.853813   171 net.cpp:408] nexpa -> label
I1222 01:56:47.854414   173 db_lmdb.cpp:35] Opened lmdb /workspace/parkingclassifier-caffe/20191221_data/20191221_data_train_lmdb
I1222 01:56:47.855974   171 data_layer.cpp:41] output data size: 64,1,32,40
I1222 01:56:47.856400   171 net.cpp:150] Setting up nexpa
I1222 01:56:47.856417   171 net.cpp:157] Top shape: 64 1 32 40 (81920)
I1222 01:56:47.856423   171 net.cpp:157] Top shape: 64 (64)
I1222 01:56:47.856427   171 net.cpp:165] Memory required for data: 327936
I1222 01:56:47.856433   171 layer_factory.hpp:77] Creating layer label_nexpa_1_split
I1222 01:56:47.856748   171 net.cpp:100] Creating Layer label_nexpa_1_split
I1222 01:56:47.856760   171 net.cpp:434] label_nexpa_1_split <- label
I1222 01:56:47.856768   171 net.cpp:408] label_nexpa_1_split -> label_nexpa_1_split_0
I1222 01:56:47.856778   171 net.cpp:408] label_nexpa_1_split -> label_nexpa_1_split_1
I1222 01:56:47.856786   171 net.cpp:150] Setting up label_nexpa_1_split
I1222 01:56:47.856791   171 net.cpp:157] Top shape: 64 (64)
I1222 01:56:47.856796   171 net.cpp:157] Top shape: 64 (64)
I1222 01:56:47.856799   171 net.cpp:165] Memory required for data: 328448
I1222 01:56:47.856802   171 layer_factory.hpp:77] Creating layer conv1
I1222 01:56:47.856813   171 net.cpp:100] Creating Layer conv1
I1222 01:56:47.856817   171 net.cpp:434] conv1 <- data1
I1222 01:56:47.856822   171 net.cpp:408] conv1 -> conv_blob1
I1222 01:56:47.856858   171 net.cpp:150] Setting up conv1
I1222 01:56:47.856863   171 net.cpp:157] Top shape: 64 50 30 38 (3648000)
I1222 01:56:47.856866   171 net.cpp:165] Memory required for data: 14920448
I1222 01:56:47.856875   171 layer_factory.hpp:77] Creating layer relu1
I1222 01:56:47.856880   171 net.cpp:100] Creating Layer relu1
I1222 01:56:47.856884   171 net.cpp:434] relu1 <- conv_blob1
I1222 01:56:47.856887   171 net.cpp:408] relu1 -> relu_blob1
I1222 01:56:47.857254   171 net.cpp:150] Setting up relu1
I1222 01:56:47.857261   171 net.cpp:157] Top shape: 64 50 30 38 (3648000)
I1222 01:56:47.857265   171 net.cpp:165] Memory required for data: 29512448
I1222 01:56:47.857268   171 layer_factory.hpp:77] Creating layer conv2
I1222 01:56:47.857275   171 net.cpp:100] Creating Layer conv2
I1222 01:56:47.857280   171 net.cpp:434] conv2 <- relu_blob1
I1222 01:56:47.857285   171 net.cpp:408] conv2 -> conv_blob2
I1222 01:56:47.857443   171 net.cpp:150] Setting up conv2
I1222 01:56:47.857450   171 net.cpp:157] Top shape: 64 50 28 36 (3225600)
I1222 01:56:47.857453   171 net.cpp:165] Memory required for data: 42414848
I1222 01:56:47.857460   171 layer_factory.hpp:77] Creating layer relu2
I1222 01:56:47.857465   171 net.cpp:100] Creating Layer relu2
I1222 01:56:47.857467   171 net.cpp:434] relu2 <- conv_blob2
I1222 01:56:47.857473   171 net.cpp:408] relu2 -> relu_blob2
I1222 01:56:47.857479   171 net.cpp:150] Setting up relu2
I1222 01:56:47.857484   171 net.cpp:157] Top shape: 64 50 28 36 (3225600)
I1222 01:56:47.857487   171 net.cpp:165] Memory required for data: 55317248
I1222 01:56:47.857489   171 layer_factory.hpp:77] Creating layer max_pool1
I1222 01:56:47.857494   171 net.cpp:100] Creating Layer max_pool1
I1222 01:56:47.857497   171 net.cpp:434] max_pool1 <- relu_blob2
I1222 01:56:47.857502   171 net.cpp:408] max_pool1 -> max_pool_blob1
I1222 01:56:47.857517   171 net.cpp:150] Setting up max_pool1
I1222 01:56:47.857530   171 net.cpp:157] Top shape: 64 50 14 18 (806400)
I1222 01:56:47.857537   171 net.cpp:165] Memory required for data: 58542848
I1222 01:56:47.857539   171 layer_factory.hpp:77] Creating layer conv3
I1222 01:56:47.857547   171 net.cpp:100] Creating Layer conv3
I1222 01:56:47.857560   171 net.cpp:434] conv3 <- max_pool_blob1
I1222 01:56:47.857566   171 net.cpp:408] conv3 -> conv_blob3
I1222 01:56:47.857656   171 net.cpp:150] Setting up conv3
I1222 01:56:47.857662   171 net.cpp:157] Top shape: 64 28 12 16 (344064)
I1222 01:56:47.857666   171 net.cpp:165] Memory required for data: 59919104
I1222 01:56:47.857671   171 layer_factory.hpp:77] Creating layer relu3
I1222 01:56:47.857676   171 net.cpp:100] Creating Layer relu3
I1222 01:56:47.857681   171 net.cpp:434] relu3 <- conv_blob3
I1222 01:56:47.857686   171 net.cpp:408] relu3 -> relu_blob3
I1222 01:56:47.857692   171 net.cpp:150] Setting up relu3
I1222 01:56:47.857695   171 net.cpp:157] Top shape: 64 28 12 16 (344064)
I1222 01:56:47.857700   171 net.cpp:165] Memory required for data: 61295360
I1222 01:56:47.857703   171 layer_factory.hpp:77] Creating layer conv4
I1222 01:56:47.857709   171 net.cpp:100] Creating Layer conv4
I1222 01:56:47.857714   171 net.cpp:434] conv4 <- relu_blob3
I1222 01:56:47.857719   171 net.cpp:408] conv4 -> conv_blob4
I1222 01:56:47.857915   171 net.cpp:150] Setting up conv4
I1222 01:56:47.857923   171 net.cpp:157] Top shape: 64 28 10 14 (250880)
I1222 01:56:47.857926   171 net.cpp:165] Memory required for data: 62298880
I1222 01:56:47.857931   171 layer_factory.hpp:77] Creating layer relu4
I1222 01:56:47.857935   171 net.cpp:100] Creating Layer relu4
I1222 01:56:47.857939   171 net.cpp:434] relu4 <- conv_blob4
I1222 01:56:47.857946   171 net.cpp:408] relu4 -> relu_blob4
I1222 01:56:47.857955   171 net.cpp:150] Setting up relu4
I1222 01:56:47.857960   171 net.cpp:157] Top shape: 64 28 10 14 (250880)
I1222 01:56:47.857964   171 net.cpp:165] Memory required for data: 63302400
I1222 01:56:47.857966   171 layer_factory.hpp:77] Creating layer max_pool2
I1222 01:56:47.857971   171 net.cpp:100] Creating Layer max_pool2
I1222 01:56:47.857975   171 net.cpp:434] max_pool2 <- relu_blob4
I1222 01:56:47.857980   171 net.cpp:408] max_pool2 -> max_pool_blob2
I1222 01:56:47.857986   171 net.cpp:150] Setting up max_pool2
I1222 01:56:47.857991   171 net.cpp:157] Top shape: 64 28 5 7 (62720)
I1222 01:56:47.857995   171 net.cpp:165] Memory required for data: 63553280
I1222 01:56:47.857997   171 layer_factory.hpp:77] Creating layer fc1
I1222 01:56:47.858005   171 net.cpp:100] Creating Layer fc1
I1222 01:56:47.858008   171 net.cpp:434] fc1 <- max_pool_blob2
I1222 01:56:47.858013   171 net.cpp:408] fc1 -> fc_blob1
I1222 01:56:47.859596   171 net.cpp:150] Setting up fc1
I1222 01:56:47.859603   171 net.cpp:157] Top shape: 64 256 (16384)
I1222 01:56:47.859606   171 net.cpp:165] Memory required for data: 63618816
I1222 01:56:47.859612   171 layer_factory.hpp:77] Creating layer relu5
I1222 01:56:47.859619   171 net.cpp:100] Creating Layer relu5
I1222 01:56:47.859622   171 net.cpp:434] relu5 <- fc_blob1
I1222 01:56:47.859627   171 net.cpp:408] relu5 -> relu_blob5
I1222 01:56:47.859632   171 net.cpp:150] Setting up relu5
I1222 01:56:47.859640   171 net.cpp:157] Top shape: 64 256 (16384)
I1222 01:56:47.859643   171 net.cpp:165] Memory required for data: 63684352
I1222 01:56:47.859647   171 layer_factory.hpp:77] Creating layer fc2
I1222 01:56:47.859650   171 net.cpp:100] Creating Layer fc2
I1222 01:56:47.859653   171 net.cpp:434] fc2 <- relu_blob5
I1222 01:56:47.859658   171 net.cpp:408] fc2 -> fc_blob2
I1222 01:56:47.859794   171 net.cpp:150] Setting up fc2
I1222 01:56:47.859800   171 net.cpp:157] Top shape: 64 84 (5376)
I1222 01:56:47.859803   171 net.cpp:165] Memory required for data: 63705856
I1222 01:56:47.859807   171 layer_factory.hpp:77] Creating layer relu6
I1222 01:56:47.859810   171 net.cpp:100] Creating Layer relu6
I1222 01:56:47.859813   171 net.cpp:434] relu6 <- fc_blob2
I1222 01:56:47.859817   171 net.cpp:408] relu6 -> relu_blob6
I1222 01:56:47.859822   171 net.cpp:150] Setting up relu6
I1222 01:56:47.859825   171 net.cpp:157] Top shape: 64 84 (5376)
I1222 01:56:47.859828   171 net.cpp:165] Memory required for data: 63727360
I1222 01:56:47.859830   171 layer_factory.hpp:77] Creating layer fc3
I1222 01:56:47.859846   171 net.cpp:100] Creating Layer fc3
I1222 01:56:47.859853   171 net.cpp:434] fc3 <- relu_blob6
I1222 01:56:47.859859   171 net.cpp:408] fc3 -> fc_blob3
I1222 01:56:47.859869   171 net.cpp:150] Setting up fc3
I1222 01:56:47.859874   171 net.cpp:157] Top shape: 64 2 (128)
I1222 01:56:47.859876   171 net.cpp:165] Memory required for data: 63727872
I1222 01:56:47.859880   171 layer_factory.hpp:77] Creating layer fc_blob3_fc3_0_split
I1222 01:56:47.859884   171 net.cpp:100] Creating Layer fc_blob3_fc3_0_split
I1222 01:56:47.859887   171 net.cpp:434] fc_blob3_fc3_0_split <- fc_blob3
I1222 01:56:47.859892   171 net.cpp:408] fc_blob3_fc3_0_split -> fc_blob3_fc3_0_split_0
I1222 01:56:47.859897   171 net.cpp:408] fc_blob3_fc3_0_split -> fc_blob3_fc3_0_split_1
I1222 01:56:47.859901   171 net.cpp:150] Setting up fc_blob3_fc3_0_split
I1222 01:56:47.859905   171 net.cpp:157] Top shape: 64 2 (128)
I1222 01:56:47.859908   171 net.cpp:157] Top shape: 64 2 (128)
I1222 01:56:47.859911   171 net.cpp:165] Memory required for data: 63728896
I1222 01:56:47.859915   171 layer_factory.hpp:77] Creating layer accuracy
I1222 01:56:47.859918   171 net.cpp:100] Creating Layer accuracy
I1222 01:56:47.859921   171 net.cpp:434] accuracy <- fc_blob3_fc3_0_split_0
I1222 01:56:47.859925   171 net.cpp:434] accuracy <- label_nexpa_1_split_0
I1222 01:56:47.859930   171 net.cpp:408] accuracy -> accuracy
I1222 01:56:47.859935   171 net.cpp:150] Setting up accuracy
I1222 01:56:47.859939   171 net.cpp:157] Top shape: (1)
I1222 01:56:47.859942   171 net.cpp:165] Memory required for data: 63728900
I1222 01:56:47.859944   171 layer_factory.hpp:77] Creating layer loss
I1222 01:56:47.859949   171 net.cpp:100] Creating Layer loss
I1222 01:56:47.859952   171 net.cpp:434] loss <- fc_blob3_fc3_0_split_1
I1222 01:56:47.859956   171 net.cpp:434] loss <- label_nexpa_1_split_1
I1222 01:56:47.859961   171 net.cpp:408] loss -> loss
I1222 01:56:47.859967   171 layer_factory.hpp:77] Creating layer loss
I1222 01:56:47.860266   171 net.cpp:150] Setting up loss
I1222 01:56:47.860275   171 net.cpp:157] Top shape: (1)
I1222 01:56:47.860277   171 net.cpp:160]     with loss weight 1
I1222 01:56:47.860291   171 net.cpp:165] Memory required for data: 63728904
I1222 01:56:47.860293   171 net.cpp:226] loss needs backward computation.
I1222 01:56:47.860297   171 net.cpp:228] accuracy does not need backward computation.
I1222 01:56:47.860301   171 net.cpp:226] fc_blob3_fc3_0_split needs backward computation.
I1222 01:56:47.860304   171 net.cpp:226] fc3 needs backward computation.
I1222 01:56:47.860307   171 net.cpp:226] relu6 needs backward computation.
I1222 01:56:47.860311   171 net.cpp:226] fc2 needs backward computation.
I1222 01:56:47.860313   171 net.cpp:226] relu5 needs backward computation.
I1222 01:56:47.860316   171 net.cpp:226] fc1 needs backward computation.
I1222 01:56:47.860319   171 net.cpp:226] max_pool2 needs backward computation.
I1222 01:56:47.860322   171 net.cpp:226] relu4 needs backward computation.
I1222 01:56:47.860325   171 net.cpp:226] conv4 needs backward computation.
I1222 01:56:47.860328   171 net.cpp:226] relu3 needs backward computation.
I1222 01:56:47.860332   171 net.cpp:226] conv3 needs backward computation.
I1222 01:56:47.860334   171 net.cpp:226] max_pool1 needs backward computation.
I1222 01:56:47.860337   171 net.cpp:226] relu2 needs backward computation.
I1222 01:56:47.860340   171 net.cpp:226] conv2 needs backward computation.
I1222 01:56:47.860345   171 net.cpp:226] relu1 needs backward computation.
I1222 01:56:47.860348   171 net.cpp:226] conv1 needs backward computation.
I1222 01:56:47.860352   171 net.cpp:228] label_nexpa_1_split does not need backward computation.
I1222 01:56:47.860355   171 net.cpp:228] nexpa does not need backward computation.
I1222 01:56:47.860357   171 net.cpp:270] This network produces output accuracy
I1222 01:56:47.860361   171 net.cpp:270] This network produces output loss
I1222 01:56:47.860373   171 net.cpp:283] Network initialization done.
I1222 01:56:47.860795   171 solver.cpp:181] Creating test net (#0) specified by net file: /workspace/parkingclassifier-caffe/LeNet32x40_3_ive.prototxt
I1222 01:56:47.860826   171 net.cpp:322] The NetState phase (1) differed from the phase (0) specified by a rule in layer nexpa
I1222 01:56:47.860838   171 net.cpp:322] The NetState phase (1) differed from the phase (0) specified by a rule in layer accuracy
I1222 01:56:47.860906   171 net.cpp:58] Initializing net from parameters: 
name: "LeNet32x40_3"
state {
  phase: TEST
}
layer {
  name: "nexpa"
  type: "Data"
  top: "data1"
  top: "label"
  include {
    phase: TEST
  }
  transform_param {
    scale: 0.00390625
    mirror: true
  }
  data_param {
    source: "/workspace/parkingclassifier-caffe/20191221_data/20191221_data_test_lmdb"
    batch_size: 100
    backend: LMDB
  }
}
layer {
  name: "conv1"
  type: "Convolution"
  bottom: "data1"
  top: "conv_blob1"
  convolution_param {
    num_output: 50
    bias_term: true
    kernel_size: 3
    group: 1
    stride: 1
    weight_filler {
      type: "xavier"
    }
    bias_filler {
      type: "constant"
    }
    dilation: 1
  }
}
layer {
  name: "relu1"
  type: "ReLU"
  bottom: "conv_blob1"
  top: "relu_blob1"
}
layer {
  name: "conv2"
  type: "Convolution"
  bottom: "relu_blob1"
  top: "conv_blob2"
  convolution_param {
    num_output: 50
    bias_term: true
    kernel_size: 3
    group: 1
    stride: 1
    weight_filler {
      type: "xavier"
    }
    bias_filler {
      type: "constant"
    }
    dilation: 1
  }
}
layer {
  name: "relu2"
  type: "ReLU"
  bottom: "conv_blob2"
  top: "relu_blob2"
}
layer {
  name: "max_pool1"
  type: "Pooling"
  bottom: "relu_blob2"
  top: "max_pool_blob1"
  pooling_param {
    pool: MAX
    kernel_size: 2
    stride: 2
  }
}
layer {
  name: "conv3"
  type: "Convolution"
  bottom: "max_pool_blob1"
  top: "conv_blob3"
  convolution_param {
    num_output: 28
    bias_term: true
    kernel_size: 3
    group: 1
    stride: 1
    weight_filler {
      type: "xavier"
    }
    bias_filler {
      type: "constant"
    }
    dilation: 1
  }
}
layer {
  name: "relu3"
  type: "ReLU"
  bottom: "conv_blob3"
  top: "relu_blob3"
}
layer {
  name: "conv4"
  type: "Convolution"
  bottom: "relu_blob3"
  top: "conv_blob4"
  convolution_param {
    num_output: 28
    bias_term: true
    kernel_size: 3
    group: 1
    stride: 1
    weight_filler {
      type: "xavier"
    }
    bias_filler {
      type: "constant"
    }
    dilation: 1
  }
}
layer {
  name: "relu4"
  type: "ReLU"
  bottom: "conv_blob4"
  top: "relu_blob4"
}
layer {
  name: "max_pool2"
  type: "Pooling"
  bottom: "relu_blob4"
  top: "max_pool_blob2"
  pooling_param {
    pool: MAX
    kernel_size: 2
    stride: 2
  }
}
layer {
  name: "fc1"
  type: "InnerProduct"
  bottom: "max_pool_blob2"
  top: "fc_blob1"
  inner_product_param {
    num_output: 256
    bias_term: true
    weight_filler {
      type: "xavier"
    }
    bias_filler {
      type: "constant"
    }
  }
}
layer {
  name: "relu5"
  type: "ReLU"
  bottom: "fc_blob1"
  top: "relu_blob5"
}
layer {
  name: "fc2"
  type: "InnerProduct"
  bottom: "relu_blob5"
  top: "fc_blob2"
  inner_product_param {
    num_output: 84
    bias_term: true
    weight_filler {
      type: "xavier"
    }
    bias_filler {
      type: "constant"
    }
  }
}
layer {
  name: "relu6"
  type: "ReLU"
  bottom: "fc_blob2"
  top: "relu_blob6"
}
layer {
  name: "fc3"
  type: "InnerProduct"
  bottom: "relu_blob6"
  top: "fc_blob3"
  inner_product_param {
    num_output: 2
    bias_term: true
    weight_filler {
      type: "xavier"
    }
    bias_filler {
      type: "constant"
    }
  }
}
layer {
  name: "accuracy"
  type: "Accuracy"
  bottom: "fc_blob3"
  bottom: "label"
  top: "accuracy"
  include {
    phase: TEST
  }
}
layer {
  name: "loss"
  type: "SoftmaxWithLoss"
  bottom: "fc_blob3"
  bottom: "label"
  top: "loss"
}
I1222 01:56:47.860965   171 layer_factory.hpp:77] Creating layer nexpa
I1222 01:56:47.861042   171 net.cpp:100] Creating Layer nexpa
I1222 01:56:47.861049   171 net.cpp:408] nexpa -> data1
I1222 01:56:47.861057   171 net.cpp:408] nexpa -> label
I1222 01:56:47.861670   175 db_lmdb.cpp:35] Opened lmdb /workspace/parkingclassifier-caffe/20191221_data/20191221_data_test_lmdb
I1222 01:56:47.862550   171 data_layer.cpp:41] output data size: 100,1,32,40
I1222 01:56:47.863131   171 net.cpp:150] Setting up nexpa
I1222 01:56:47.863143   171 net.cpp:157] Top shape: 100 1 32 40 (128000)
I1222 01:56:47.863148   171 net.cpp:157] Top shape: 100 (100)
I1222 01:56:47.863153   171 net.cpp:165] Memory required for data: 512400
I1222 01:56:47.863158   171 layer_factory.hpp:77] Creating layer label_nexpa_1_split
I1222 01:56:47.863168   171 net.cpp:100] Creating Layer label_nexpa_1_split
I1222 01:56:47.863170   171 net.cpp:434] label_nexpa_1_split <- label
I1222 01:56:47.863178   171 net.cpp:408] label_nexpa_1_split -> label_nexpa_1_split_0
I1222 01:56:47.863185   171 net.cpp:408] label_nexpa_1_split -> label_nexpa_1_split_1
I1222 01:56:47.863193   171 net.cpp:150] Setting up label_nexpa_1_split
I1222 01:56:47.863199   171 net.cpp:157] Top shape: 100 (100)
I1222 01:56:47.863202   171 net.cpp:157] Top shape: 100 (100)
I1222 01:56:47.863205   171 net.cpp:165] Memory required for data: 513200
I1222 01:56:47.863209   171 layer_factory.hpp:77] Creating layer conv1
I1222 01:56:47.863219   171 net.cpp:100] Creating Layer conv1
I1222 01:56:47.863224   171 net.cpp:434] conv1 <- data1
I1222 01:56:47.863229   171 net.cpp:408] conv1 -> conv_blob1
I1222 01:56:47.863457   171 net.cpp:150] Setting up conv1
I1222 01:56:47.863468   171 net.cpp:157] Top shape: 100 50 30 38 (5700000)
I1222 01:56:47.863471   171 net.cpp:165] Memory required for data: 23313200
I1222 01:56:47.863481   171 layer_factory.hpp:77] Creating layer relu1
I1222 01:56:47.863487   171 net.cpp:100] Creating Layer relu1
I1222 01:56:47.863492   171 net.cpp:434] relu1 <- conv_blob1
I1222 01:56:47.863497   171 net.cpp:408] relu1 -> relu_blob1
I1222 01:56:47.863505   171 net.cpp:150] Setting up relu1
I1222 01:56:47.863512   171 net.cpp:157] Top shape: 100 50 30 38 (5700000)
I1222 01:56:47.863514   171 net.cpp:165] Memory required for data: 46113200
I1222 01:56:47.863517   171 layer_factory.hpp:77] Creating layer conv2
I1222 01:56:47.863525   171 net.cpp:100] Creating Layer conv2
I1222 01:56:47.863529   171 net.cpp:434] conv2 <- relu_blob1
I1222 01:56:47.863533   171 net.cpp:408] conv2 -> conv_blob2
I1222 01:56:47.863685   171 net.cpp:150] Setting up conv2
I1222 01:56:47.863690   171 net.cpp:157] Top shape: 100 50 28 36 (5040000)
I1222 01:56:47.863694   171 net.cpp:165] Memory required for data: 66273200
I1222 01:56:47.863732   171 layer_factory.hpp:77] Creating layer relu2
I1222 01:56:47.863741   171 net.cpp:100] Creating Layer relu2
I1222 01:56:47.863745   171 net.cpp:434] relu2 <- conv_blob2
I1222 01:56:47.863749   171 net.cpp:408] relu2 -> relu_blob2
I1222 01:56:47.863754   171 net.cpp:150] Setting up relu2
I1222 01:56:47.863759   171 net.cpp:157] Top shape: 100 50 28 36 (5040000)
I1222 01:56:47.863761   171 net.cpp:165] Memory required for data: 86433200
I1222 01:56:47.863765   171 layer_factory.hpp:77] Creating layer max_pool1
I1222 01:56:47.863770   171 net.cpp:100] Creating Layer max_pool1
I1222 01:56:47.863772   171 net.cpp:434] max_pool1 <- relu_blob2
I1222 01:56:47.863778   171 net.cpp:408] max_pool1 -> max_pool_blob1
I1222 01:56:47.863785   171 net.cpp:150] Setting up max_pool1
I1222 01:56:47.863790   171 net.cpp:157] Top shape: 100 50 14 18 (1260000)
I1222 01:56:47.863792   171 net.cpp:165] Memory required for data: 91473200
I1222 01:56:47.863795   171 layer_factory.hpp:77] Creating layer conv3
I1222 01:56:47.863803   171 net.cpp:100] Creating Layer conv3
I1222 01:56:47.863808   171 net.cpp:434] conv3 <- max_pool_blob1
I1222 01:56:47.863813   171 net.cpp:408] conv3 -> conv_blob3
I1222 01:56:47.863903   171 net.cpp:150] Setting up conv3
I1222 01:56:47.863906   171 net.cpp:157] Top shape: 100 28 12 16 (537600)
I1222 01:56:47.863909   171 net.cpp:165] Memory required for data: 93623600
I1222 01:56:47.863915   171 layer_factory.hpp:77] Creating layer relu3
I1222 01:56:47.863922   171 net.cpp:100] Creating Layer relu3
I1222 01:56:47.863925   171 net.cpp:434] relu3 <- conv_blob3
I1222 01:56:47.863937   171 net.cpp:408] relu3 -> relu_blob3
I1222 01:56:47.863942   171 net.cpp:150] Setting up relu3
I1222 01:56:47.863946   171 net.cpp:157] Top shape: 100 28 12 16 (537600)
I1222 01:56:47.863950   171 net.cpp:165] Memory required for data: 95774000
I1222 01:56:47.863952   171 layer_factory.hpp:77] Creating layer conv4
I1222 01:56:47.863960   171 net.cpp:100] Creating Layer conv4
I1222 01:56:47.863962   171 net.cpp:434] conv4 <- relu_blob3
I1222 01:56:47.863967   171 net.cpp:408] conv4 -> conv_blob4
I1222 01:56:47.864025   171 net.cpp:150] Setting up conv4
I1222 01:56:47.864034   171 net.cpp:157] Top shape: 100 28 10 14 (392000)
I1222 01:56:47.864037   171 net.cpp:165] Memory required for data: 97342000
I1222 01:56:47.864042   171 layer_factory.hpp:77] Creating layer relu4
I1222 01:56:47.864048   171 net.cpp:100] Creating Layer relu4
I1222 01:56:47.864050   171 net.cpp:434] relu4 <- conv_blob4
I1222 01:56:47.864054   171 net.cpp:408] relu4 -> relu_blob4
I1222 01:56:47.864058   171 net.cpp:150] Setting up relu4
I1222 01:56:47.864063   171 net.cpp:157] Top shape: 100 28 10 14 (392000)
I1222 01:56:47.864065   171 net.cpp:165] Memory required for data: 98910000
I1222 01:56:47.864068   171 layer_factory.hpp:77] Creating layer max_pool2
I1222 01:56:47.864073   171 net.cpp:100] Creating Layer max_pool2
I1222 01:56:47.864076   171 net.cpp:434] max_pool2 <- relu_blob4
I1222 01:56:47.864081   171 net.cpp:408] max_pool2 -> max_pool_blob2
I1222 01:56:47.864086   171 net.cpp:150] Setting up max_pool2
I1222 01:56:47.864089   171 net.cpp:157] Top shape: 100 28 5 7 (98000)
I1222 01:56:47.864161   171 net.cpp:165] Memory required for data: 99302000
I1222 01:56:47.864164   171 layer_factory.hpp:77] Creating layer fc1
I1222 01:56:47.864171   171 net.cpp:100] Creating Layer fc1
I1222 01:56:47.864174   171 net.cpp:434] fc1 <- max_pool_blob2
I1222 01:56:47.864178   171 net.cpp:408] fc1 -> fc_blob1
I1222 01:56:47.865758   171 net.cpp:150] Setting up fc1
I1222 01:56:47.865767   171 net.cpp:157] Top shape: 100 256 (25600)
I1222 01:56:47.865772   171 net.cpp:165] Memory required for data: 99404400
I1222 01:56:47.865777   171 layer_factory.hpp:77] Creating layer relu5
I1222 01:56:47.865784   171 net.cpp:100] Creating Layer relu5
I1222 01:56:47.865792   171 net.cpp:434] relu5 <- fc_blob1
I1222 01:56:47.865795   171 net.cpp:408] relu5 -> relu_blob5
I1222 01:56:47.865801   171 net.cpp:150] Setting up relu5
I1222 01:56:47.865808   171 net.cpp:157] Top shape: 100 256 (25600)
I1222 01:56:47.865810   171 net.cpp:165] Memory required for data: 99506800
I1222 01:56:47.865813   171 layer_factory.hpp:77] Creating layer fc2
I1222 01:56:47.865818   171 net.cpp:100] Creating Layer fc2
I1222 01:56:47.865821   171 net.cpp:434] fc2 <- relu_blob5
I1222 01:56:47.865828   171 net.cpp:408] fc2 -> fc_blob2
I1222 01:56:47.865973   171 net.cpp:150] Setting up fc2
I1222 01:56:47.865979   171 net.cpp:157] Top shape: 100 84 (8400)
I1222 01:56:47.865983   171 net.cpp:165] Memory required for data: 99540400
I1222 01:56:47.865986   171 layer_factory.hpp:77] Creating layer relu6
I1222 01:56:47.865990   171 net.cpp:100] Creating Layer relu6
I1222 01:56:47.865993   171 net.cpp:434] relu6 <- fc_blob2
I1222 01:56:47.866015   171 net.cpp:408] relu6 -> relu_blob6
I1222 01:56:47.866029   171 net.cpp:150] Setting up relu6
I1222 01:56:47.866032   171 net.cpp:157] Top shape: 100 84 (8400)
I1222 01:56:47.866035   171 net.cpp:165] Memory required for data: 99574000
I1222 01:56:47.866039   171 layer_factory.hpp:77] Creating layer fc3
I1222 01:56:47.866048   171 net.cpp:100] Creating Layer fc3
I1222 01:56:47.866051   171 net.cpp:434] fc3 <- relu_blob6
I1222 01:56:47.866056   171 net.cpp:408] fc3 -> fc_blob3
I1222 01:56:47.866066   171 net.cpp:150] Setting up fc3
I1222 01:56:47.866072   171 net.cpp:157] Top shape: 100 2 (200)
I1222 01:56:47.866075   171 net.cpp:165] Memory required for data: 99574800
I1222 01:56:47.866080   171 layer_factory.hpp:77] Creating layer fc_blob3_fc3_0_split
I1222 01:56:47.866083   171 net.cpp:100] Creating Layer fc_blob3_fc3_0_split
I1222 01:56:47.866093   171 net.cpp:434] fc_blob3_fc3_0_split <- fc_blob3
I1222 01:56:47.866097   171 net.cpp:408] fc_blob3_fc3_0_split -> fc_blob3_fc3_0_split_0
I1222 01:56:47.866102   171 net.cpp:408] fc_blob3_fc3_0_split -> fc_blob3_fc3_0_split_1
I1222 01:56:47.866117   171 net.cpp:150] Setting up fc_blob3_fc3_0_split
I1222 01:56:47.866120   171 net.cpp:157] Top shape: 100 2 (200)
I1222 01:56:47.866124   171 net.cpp:157] Top shape: 100 2 (200)
I1222 01:56:47.866127   171 net.cpp:165] Memory required for data: 99576400
I1222 01:56:47.866129   171 layer_factory.hpp:77] Creating layer accuracy
I1222 01:56:47.866137   171 net.cpp:100] Creating Layer accuracy
I1222 01:56:47.866139   171 net.cpp:434] accuracy <- fc_blob3_fc3_0_split_0
I1222 01:56:47.866143   171 net.cpp:434] accuracy <- label_nexpa_1_split_0
I1222 01:56:47.866148   171 net.cpp:408] accuracy -> accuracy
I1222 01:56:47.866154   171 net.cpp:150] Setting up accuracy
I1222 01:56:47.866158   171 net.cpp:157] Top shape: (1)
I1222 01:56:47.866160   171 net.cpp:165] Memory required for data: 99576404
I1222 01:56:47.866163   171 layer_factory.hpp:77] Creating layer loss
I1222 01:56:47.866168   171 net.cpp:100] Creating Layer loss
I1222 01:56:47.866171   171 net.cpp:434] loss <- fc_blob3_fc3_0_split_1
I1222 01:56:47.866175   171 net.cpp:434] loss <- label_nexpa_1_split_1
I1222 01:56:47.866179   171 net.cpp:408] loss -> loss
I1222 01:56:47.866184   171 layer_factory.hpp:77] Creating layer loss
I1222 01:56:47.866195   171 net.cpp:150] Setting up loss
I1222 01:56:47.866199   171 net.cpp:157] Top shape: (1)
I1222 01:56:47.866202   171 net.cpp:160]     with loss weight 1
I1222 01:56:47.866210   171 net.cpp:165] Memory required for data: 99576408
I1222 01:56:47.866214   171 net.cpp:226] loss needs backward computation.
I1222 01:56:47.866216   171 net.cpp:228] accuracy does not need backward computation.
I1222 01:56:47.866220   171 net.cpp:226] fc_blob3_fc3_0_split needs backward computation.
I1222 01:56:47.866223   171 net.cpp:226] fc3 needs backward computation.
I1222 01:56:47.866226   171 net.cpp:226] relu6 needs backward computation.
I1222 01:56:47.866230   171 net.cpp:226] fc2 needs backward computation.
I1222 01:56:47.866232   171 net.cpp:226] relu5 needs backward computation.
I1222 01:56:47.866235   171 net.cpp:226] fc1 needs backward computation.
I1222 01:56:47.866238   171 net.cpp:226] max_pool2 needs backward computation.
I1222 01:56:47.866241   171 net.cpp:226] relu4 needs backward computation.
I1222 01:56:47.866245   171 net.cpp:226] conv4 needs backward computation.
I1222 01:56:47.866247   171 net.cpp:226] relu3 needs backward computation.
I1222 01:56:47.866250   171 net.cpp:226] conv3 needs backward computation.
I1222 01:56:47.866252   171 net.cpp:226] max_pool1 needs backward computation.
I1222 01:56:47.866255   171 net.cpp:226] relu2 needs backward computation.
I1222 01:56:47.866258   171 net.cpp:226] conv2 needs backward computation.
I1222 01:56:47.866261   171 net.cpp:226] relu1 needs backward computation.
I1222 01:56:47.866264   171 net.cpp:226] conv1 needs backward computation.
I1222 01:56:47.866268   171 net.cpp:228] label_nexpa_1_split does not need backward computation.
I1222 01:56:47.866271   171 net.cpp:228] nexpa does not need backward computation.
I1222 01:56:47.866274   171 net.cpp:270] This network produces output accuracy
I1222 01:56:47.866277   171 net.cpp:270] This network produces output loss
I1222 01:56:47.866291   171 net.cpp:283] Network initialization done.
I1222 01:56:47.866341   171 solver.cpp:60] Solver scaffolding done.
I1222 01:56:47.866366   171 caffe.cpp:251] Starting Optimization
I1222 01:56:47.866370   171 solver.cpp:279] Solving LeNet32x40_3
I1222 01:56:47.866374   171 solver.cpp:280] Learning Rate Policy: inv
I1222 01:56:47.866849   171 solver.cpp:337] Iteration 0, Testing net (#0)
I1222 01:57:25.116375   171 solver.cpp:404]     Test net output #0: accuracy = 0.4926
I1222 01:57:25.116614   171 solver.cpp:404]     Test net output #1: loss = 0.698979 (* 1 = 0.698979 loss)
I1222 01:57:25.776701   171 solver.cpp:228] Iteration 0, loss = 0.696164
I1222 01:57:25.776743   171 solver.cpp:244]     Train net output #0: accuracy = 0.453125
I1222 01:57:25.776751   171 solver.cpp:244]     Train net output #1: loss = 0.696164 (* 1 = 0.696164 loss)
I1222 01:57:25.776762   171 sgd_solver.cpp:106] Iteration 0, lr = 0.01
I1222 01:58:28.735307   171 solver.cpp:228] Iteration 100, loss = 0.175364
I1222 01:58:28.735479   171 solver.cpp:244]     Train net output #0: accuracy = 0.9375
I1222 01:58:28.735507   171 solver.cpp:244]     Train net output #1: loss = 0.175364 (* 1 = 0.175364 loss)
I1222 01:58:28.735512   171 sgd_solver.cpp:106] Iteration 100, lr = 0.00992565
I1222 01:59:31.438971   171 solver.cpp:228] Iteration 200, loss = 0.0401367
I1222 01:59:31.439128   171 solver.cpp:244]     Train net output #0: accuracy = 0.984375
I1222 01:59:31.439141   171 solver.cpp:244]     Train net output #1: loss = 0.0401366 (* 1 = 0.0401366 loss)
I1222 01:59:31.439147   171 sgd_solver.cpp:106] Iteration 200, lr = 0.00985258
I1222 02:00:34.115976   171 solver.cpp:228] Iteration 300, loss = 0.0304736
I1222 02:00:34.116140   171 solver.cpp:244]     Train net output #0: accuracy = 1
I1222 02:00:34.116166   171 solver.cpp:244]     Train net output #1: loss = 0.0304735 (* 1 = 0.0304735 loss)
I1222 02:00:34.116173   171 sgd_solver.cpp:106] Iteration 300, lr = 0.00978075
I1222 02:01:36.511194   171 solver.cpp:228] Iteration 400, loss = 0.0490744
I1222 02:01:36.511356   171 solver.cpp:244]     Train net output #0: accuracy = 0.984375
I1222 02:01:36.511382   171 solver.cpp:244]     Train net output #1: loss = 0.0490744 (* 1 = 0.0490744 loss)
I1222 02:01:36.511389   171 sgd_solver.cpp:106] Iteration 400, lr = 0.00971013
I1222 02:02:38.040299   171 solver.cpp:454] Snapshotting to binary proto file /workspace/parkingclassifier-caffe/lenet32x40_3_ive_20191221_iter_500.caffemodel
I1222 02:02:38.044912   171 sgd_solver.cpp:273] Snapshotting solver state to binary proto file /workspace/parkingclassifier-caffe/lenet32x40_3_ive_20191221_iter_500.solverstate
I1222 02:02:38.046908   171 solver.cpp:337] Iteration 500, Testing net (#0)
I1222 02:03:14.822144   171 solver.cpp:404]     Test net output #0: accuracy = 0.9787
I1222 02:03:14.822333   171 solver.cpp:404]     Test net output #1: loss = 0.0689261 (* 1 = 0.0689261 loss)
I1222 02:03:15.441717   171 solver.cpp:228] Iteration 500, loss = 0.0456025
I1222 02:03:15.441757   171 solver.cpp:244]     Train net output #0: accuracy = 0.984375
I1222 02:03:15.441764   171 solver.cpp:244]     Train net output #1: loss = 0.0456025 (* 1 = 0.0456025 loss)
I1222 02:03:15.441771   171 sgd_solver.cpp:106] Iteration 500, lr = 0.00964069
I1222 02:04:17.869783   171 solver.cpp:228] Iteration 600, loss = 0.136029
I1222 02:04:17.869949   171 solver.cpp:244]     Train net output #0: accuracy = 0.96875
I1222 02:04:17.869976   171 solver.cpp:244]     Train net output #1: loss = 0.136029 (* 1 = 0.136029 loss)
I1222 02:04:17.869982   171 sgd_solver.cpp:106] Iteration 600, lr = 0.0095724
I1222 02:05:20.220868   171 solver.cpp:228] Iteration 700, loss = 0.104394
I1222 02:05:20.221036   171 solver.cpp:244]     Train net output #0: accuracy = 0.96875
I1222 02:05:20.221062   171 solver.cpp:244]     Train net output #1: loss = 0.104394 (* 1 = 0.104394 loss)
I1222 02:05:20.221069   171 sgd_solver.cpp:106] Iteration 700, lr = 0.00950522
I1222 02:06:22.626085   171 solver.cpp:228] Iteration 800, loss = 0.0637321
I1222 02:06:22.626252   171 solver.cpp:244]     Train net output #0: accuracy = 0.984375
I1222 02:06:22.626279   171 solver.cpp:244]     Train net output #1: loss = 0.0637322 (* 1 = 0.0637322 loss)
I1222 02:06:22.626286   171 sgd_solver.cpp:106] Iteration 800, lr = 0.00943913
I1222 02:07:25.063302   171 solver.cpp:228] Iteration 900, loss = 0.0352525
I1222 02:07:25.063491   171 solver.cpp:244]     Train net output #0: accuracy = 0.984375
I1222 02:07:25.063503   171 solver.cpp:244]     Train net output #1: loss = 0.0352525 (* 1 = 0.0352525 loss)
I1222 02:07:25.063510   171 sgd_solver.cpp:106] Iteration 900, lr = 0.00937411
I1222 02:08:26.733811   171 solver.cpp:454] Snapshotting to binary proto file /workspace/parkingclassifier-caffe/lenet32x40_3_ive_20191221_iter_1000.caffemodel
I1222 02:08:26.738654   171 sgd_solver.cpp:273] Snapshotting solver state to binary proto file /workspace/parkingclassifier-caffe/lenet32x40_3_ive_20191221_iter_1000.solverstate
I1222 02:08:26.740685   171 solver.cpp:337] Iteration 1000, Testing net (#0)
I1222 02:09:03.566506   171 solver.cpp:404]     Test net output #0: accuracy = 0.9832
I1222 02:09:03.566574   171 solver.cpp:404]     Test net output #1: loss = 0.0517925 (* 1 = 0.0517925 loss)
I1222 02:09:04.185957   171 solver.cpp:228] Iteration 1000, loss = 0.0383361
I1222 02:09:04.185998   171 solver.cpp:244]     Train net output #0: accuracy = 0.984375
I1222 02:09:04.186007   171 solver.cpp:244]     Train net output #1: loss = 0.0383361 (* 1 = 0.0383361 loss)
I1222 02:09:04.186012   171 sgd_solver.cpp:106] Iteration 1000, lr = 0.00931012
I1222 02:10:06.601181   171 solver.cpp:228] Iteration 1100, loss = 0.0140673
I1222 02:10:06.601343   171 solver.cpp:244]     Train net output #0: accuracy = 1
I1222 02:10:06.601356   171 solver.cpp:244]     Train net output #1: loss = 0.0140673 (* 1 = 0.0140673 loss)
I1222 02:10:06.601375   171 sgd_solver.cpp:106] Iteration 1100, lr = 0.00924715
I1222 02:11:09.061496   171 solver.cpp:228] Iteration 1200, loss = 0.0330832
I1222 02:11:09.061558   171 solver.cpp:244]     Train net output #0: accuracy = 0.984375
I1222 02:11:09.061566   171 solver.cpp:244]     Train net output #1: loss = 0.0330832 (* 1 = 0.0330832 loss)
I1222 02:11:09.061573   171 sgd_solver.cpp:106] Iteration 1200, lr = 0.00918515
I1222 02:12:11.512951   171 solver.cpp:228] Iteration 1300, loss = 0.0815663
I1222 02:12:11.513012   171 solver.cpp:244]     Train net output #0: accuracy = 0.96875
I1222 02:12:11.513020   171 solver.cpp:244]     Train net output #1: loss = 0.0815663 (* 1 = 0.0815663 loss)
I1222 02:12:11.513026   171 sgd_solver.cpp:106] Iteration 1300, lr = 0.00912412
I1222 02:13:14.039299   171 solver.cpp:228] Iteration 1400, loss = 0.0755562
I1222 02:13:14.039379   171 solver.cpp:244]     Train net output #0: accuracy = 0.984375
I1222 02:13:14.039389   171 solver.cpp:244]     Train net output #1: loss = 0.0755562 (* 1 = 0.0755562 loss)
I1222 02:13:14.039397   171 sgd_solver.cpp:106] Iteration 1400, lr = 0.00906403
I1222 02:14:15.905222   171 solver.cpp:454] Snapshotting to binary proto file /workspace/parkingclassifier-caffe/lenet32x40_3_ive_20191221_iter_1500.caffemodel
I1222 02:14:15.909927   171 sgd_solver.cpp:273] Snapshotting solver state to binary proto file /workspace/parkingclassifier-caffe/lenet32x40_3_ive_20191221_iter_1500.solverstate
I1222 02:14:15.912017   171 solver.cpp:337] Iteration 1500, Testing net (#0)
I1222 02:14:52.874995   171 solver.cpp:404]     Test net output #0: accuracy = 0.9879
I1222 02:14:52.875113   171 solver.cpp:404]     Test net output #1: loss = 0.0377191 (* 1 = 0.0377191 loss)
I1222 02:14:53.493834   171 solver.cpp:228] Iteration 1500, loss = 0.0642503
I1222 02:14:53.493860   171 solver.cpp:244]     Train net output #0: accuracy = 0.984375
I1222 02:14:53.493880   171 solver.cpp:244]     Train net output #1: loss = 0.0642503 (* 1 = 0.0642503 loss)
I1222 02:14:53.493887   171 sgd_solver.cpp:106] Iteration 1500, lr = 0.00900485
I1222 02:15:55.903272   171 solver.cpp:228] Iteration 1600, loss = 0.158969
I1222 02:15:55.903332   171 solver.cpp:244]     Train net output #0: accuracy = 0.96875
I1222 02:15:55.903340   171 solver.cpp:244]     Train net output #1: loss = 0.158969 (* 1 = 0.158969 loss)
I1222 02:15:55.903347   171 sgd_solver.cpp:106] Iteration 1600, lr = 0.00894657
I1222 02:16:58.087430   171 solver.cpp:228] Iteration 1700, loss = 0.0218756
I1222 02:16:58.087591   171 solver.cpp:244]     Train net output #0: accuracy = 1
I1222 02:16:58.087604   171 solver.cpp:244]     Train net output #1: loss = 0.0218756 (* 1 = 0.0218756 loss)
I1222 02:16:58.087610   171 sgd_solver.cpp:106] Iteration 1700, lr = 0.00888916
I1222 02:18:00.232089   171 solver.cpp:228] Iteration 1800, loss = 0.0614466
I1222 02:18:00.232275   171 solver.cpp:244]     Train net output #0: accuracy = 0.96875
I1222 02:18:00.232288   171 solver.cpp:244]     Train net output #1: loss = 0.0614466 (* 1 = 0.0614466 loss)
I1222 02:18:00.232295   171 sgd_solver.cpp:106] Iteration 1800, lr = 0.0088326
I1222 02:19:02.710229   171 solver.cpp:228] Iteration 1900, loss = 0.0477264
I1222 02:19:02.710395   171 solver.cpp:244]     Train net output #0: accuracy = 0.984375
I1222 02:19:02.710408   171 solver.cpp:244]     Train net output #1: loss = 0.0477264 (* 1 = 0.0477264 loss)
I1222 02:19:02.710414   171 sgd_solver.cpp:106] Iteration 1900, lr = 0.00877687
I1222 02:20:04.505607   171 solver.cpp:454] Snapshotting to binary proto file /workspace/parkingclassifier-caffe/lenet32x40_3_ive_20191221_iter_2000.caffemodel
I1222 02:20:04.510331   171 sgd_solver.cpp:273] Snapshotting solver state to binary proto file /workspace/parkingclassifier-caffe/lenet32x40_3_ive_20191221_iter_2000.solverstate
I1222 02:20:04.512310   171 solver.cpp:337] Iteration 2000, Testing net (#0)
I1222 02:20:41.566191   171 solver.cpp:404]     Test net output #0: accuracy = 0.9885
I1222 02:20:41.566294   171 solver.cpp:404]     Test net output #1: loss = 0.0341229 (* 1 = 0.0341229 loss)
I1222 02:20:42.186878   171 solver.cpp:228] Iteration 2000, loss = 0.0375539
I1222 02:20:42.186920   171 solver.cpp:244]     Train net output #0: accuracy = 0.984375
I1222 02:20:42.186928   171 solver.cpp:244]     Train net output #1: loss = 0.0375539 (* 1 = 0.0375539 loss)
I1222 02:20:42.186934   171 sgd_solver.cpp:106] Iteration 2000, lr = 0.00872196
I1222 02:21:44.795430   171 solver.cpp:228] Iteration 2100, loss = 0.0469347
I1222 02:21:44.795590   171 solver.cpp:244]     Train net output #0: accuracy = 0.984375
I1222 02:21:44.795601   171 solver.cpp:244]     Train net output #1: loss = 0.0469346 (* 1 = 0.0469346 loss)
I1222 02:21:44.795608   171 sgd_solver.cpp:106] Iteration 2100, lr = 0.00866784
I1222 02:22:47.257150   171 solver.cpp:228] Iteration 2200, loss = 0.0224542
I1222 02:22:47.257316   171 solver.cpp:244]     Train net output #0: accuracy = 0.984375
I1222 02:22:47.257328   171 solver.cpp:244]     Train net output #1: loss = 0.0224542 (* 1 = 0.0224542 loss)
I1222 02:22:47.257335   171 sgd_solver.cpp:106] Iteration 2200, lr = 0.0086145
I1222 02:23:49.449898   171 solver.cpp:228] Iteration 2300, loss = 0.0861133
I1222 02:23:49.449956   171 solver.cpp:244]     Train net output #0: accuracy = 0.96875
I1222 02:23:49.449965   171 solver.cpp:244]     Train net output #1: loss = 0.0861133 (* 1 = 0.0861133 loss)
I1222 02:23:49.449971   171 sgd_solver.cpp:106] Iteration 2300, lr = 0.00856192
I1222 02:24:51.620008   171 solver.cpp:228] Iteration 2400, loss = 0.0355712
I1222 02:24:51.620069   171 solver.cpp:244]     Train net output #0: accuracy = 0.984375
I1222 02:24:51.620079   171 solver.cpp:244]     Train net output #1: loss = 0.0355711 (* 1 = 0.0355711 loss)
I1222 02:24:51.620085   171 sgd_solver.cpp:106] Iteration 2400, lr = 0.00851008
I1222 02:25:53.312574   171 solver.cpp:454] Snapshotting to binary proto file /workspace/parkingclassifier-caffe/lenet32x40_3_ive_20191221_iter_2500.caffemodel
I1222 02:25:53.317389   171 sgd_solver.cpp:273] Snapshotting solver state to binary proto file /workspace/parkingclassifier-caffe/lenet32x40_3_ive_20191221_iter_2500.solverstate
I1222 02:25:53.319428   171 solver.cpp:337] Iteration 2500, Testing net (#0)
I1222 02:26:30.302412   171 solver.cpp:404]     Test net output #0: accuracy = 0.9874
I1222 02:26:30.302574   171 solver.cpp:404]     Test net output #1: loss = 0.036432 (* 1 = 0.036432 loss)
I1222 02:26:30.922675   171 solver.cpp:228] Iteration 2500, loss = 0.0523813
I1222 02:26:30.922703   171 solver.cpp:244]     Train net output #0: accuracy = 0.984375
I1222 02:26:30.922729   171 solver.cpp:244]     Train net output #1: loss = 0.0523813 (* 1 = 0.0523813 loss)
I1222 02:26:30.922735   171 sgd_solver.cpp:106] Iteration 2500, lr = 0.00845897
I1222 02:27:33.413161   171 solver.cpp:228] Iteration 2600, loss = 0.0159014
I1222 02:27:33.413250   171 solver.cpp:244]     Train net output #0: accuracy = 1
I1222 02:27:33.413259   171 solver.cpp:244]     Train net output #1: loss = 0.0159014 (* 1 = 0.0159014 loss)
I1222 02:27:33.413266   171 sgd_solver.cpp:106] Iteration 2600, lr = 0.00840857
I1222 02:28:35.556648   171 solver.cpp:228] Iteration 2700, loss = 0.0201954
I1222 02:28:35.556711   171 solver.cpp:244]     Train net output #0: accuracy = 1
I1222 02:28:35.556720   171 solver.cpp:244]     Train net output #1: loss = 0.0201954 (* 1 = 0.0201954 loss)
I1222 02:28:35.556726   171 sgd_solver.cpp:106] Iteration 2700, lr = 0.00835886
I1222 02:29:37.727440   171 solver.cpp:228] Iteration 2800, loss = 0.030645
I1222 02:29:37.727499   171 solver.cpp:244]     Train net output #0: accuracy = 0.984375
I1222 02:29:37.727509   171 solver.cpp:244]     Train net output #1: loss = 0.030645 (* 1 = 0.030645 loss)
I1222 02:29:37.727514   171 sgd_solver.cpp:106] Iteration 2800, lr = 0.00830984
I1222 02:30:39.895900   171 solver.cpp:228] Iteration 2900, loss = 0.0722222
I1222 02:30:39.896059   171 solver.cpp:244]     Train net output #0: accuracy = 0.984375
I1222 02:30:39.896070   171 solver.cpp:244]     Train net output #1: loss = 0.0722222 (* 1 = 0.0722222 loss)
I1222 02:30:39.896077   171 sgd_solver.cpp:106] Iteration 2900, lr = 0.00826148
I1222 02:31:41.416699   171 solver.cpp:454] Snapshotting to binary proto file /workspace/parkingclassifier-caffe/lenet32x40_3_ive_20191221_iter_3000.caffemodel
I1222 02:31:41.421430   171 sgd_solver.cpp:273] Snapshotting solver state to binary proto file /workspace/parkingclassifier-caffe/lenet32x40_3_ive_20191221_iter_3000.solverstate
I1222 02:31:41.423436   171 solver.cpp:337] Iteration 3000, Testing net (#0)
I1222 02:32:18.313267   171 solver.cpp:404]     Test net output #0: accuracy = 0.9911
I1222 02:32:18.313336   171 solver.cpp:404]     Test net output #1: loss = 0.0280831 (* 1 = 0.0280831 loss)
I1222 02:32:18.932404   171 solver.cpp:228] Iteration 3000, loss = 0.0947323
I1222 02:32:18.932443   171 solver.cpp:244]     Train net output #0: accuracy = 0.984375
I1222 02:32:18.932451   171 solver.cpp:244]     Train net output #1: loss = 0.0947324 (* 1 = 0.0947324 loss)
I1222 02:32:18.932457   171 sgd_solver.cpp:106] Iteration 3000, lr = 0.00821377
I1222 02:33:21.344115   171 solver.cpp:228] Iteration 3100, loss = 0.0439423
I1222 02:33:21.344267   171 solver.cpp:244]     Train net output #0: accuracy = 0.984375
I1222 02:33:21.344293   171 solver.cpp:244]     Train net output #1: loss = 0.0439424 (* 1 = 0.0439424 loss)
I1222 02:33:21.344300   171 sgd_solver.cpp:106] Iteration 3100, lr = 0.0081667
I1222 02:34:23.944866   171 solver.cpp:228] Iteration 3200, loss = 0.0551208
I1222 02:34:23.944954   171 solver.cpp:244]     Train net output #0: accuracy = 0.984375
I1222 02:34:23.944975   171 solver.cpp:244]     Train net output #1: loss = 0.0551208 (* 1 = 0.0551208 loss)
I1222 02:34:23.944994   171 sgd_solver.cpp:106] Iteration 3200, lr = 0.00812025
I1222 02:35:26.651413   171 solver.cpp:228] Iteration 3300, loss = 0.0460708
I1222 02:35:26.651574   171 solver.cpp:244]     Train net output #0: accuracy = 0.984375
I1222 02:35:26.651587   171 solver.cpp:244]     Train net output #1: loss = 0.0460709 (* 1 = 0.0460709 loss)
I1222 02:35:26.651593   171 sgd_solver.cpp:106] Iteration 3300, lr = 0.00807442
I1222 02:36:28.887853   171 solver.cpp:228] Iteration 3400, loss = 0.062287
I1222 02:36:28.888000   171 solver.cpp:244]     Train net output #0: accuracy = 0.984375
I1222 02:36:28.888025   171 solver.cpp:244]     Train net output #1: loss = 0.0622871 (* 1 = 0.0622871 loss)
I1222 02:36:28.888031   171 sgd_solver.cpp:106] Iteration 3400, lr = 0.00802918
I1222 02:37:30.607719   171 solver.cpp:454] Snapshotting to binary proto file /workspace/parkingclassifier-caffe/lenet32x40_3_ive_20191221_iter_3500.caffemodel
I1222 02:37:30.612381   171 sgd_solver.cpp:273] Snapshotting solver state to binary proto file /workspace/parkingclassifier-caffe/lenet32x40_3_ive_20191221_iter_3500.solverstate
I1222 02:37:30.614424   171 solver.cpp:337] Iteration 3500, Testing net (#0)
I1222 02:38:07.650678   171 solver.cpp:404]     Test net output #0: accuracy = 0.9916
I1222 02:38:07.650890   171 solver.cpp:404]     Test net output #1: loss = 0.0244374 (* 1 = 0.0244374 loss)
I1222 02:38:08.269770   171 solver.cpp:228] Iteration 3500, loss = 0.00212646
I1222 02:38:08.269809   171 solver.cpp:244]     Train net output #0: accuracy = 1
I1222 02:38:08.269817   171 solver.cpp:244]     Train net output #1: loss = 0.00212649 (* 1 = 0.00212649 loss)
I1222 02:38:08.269824   171 sgd_solver.cpp:106] Iteration 3500, lr = 0.00798454
I1222 02:39:10.708254   171 solver.cpp:228] Iteration 3600, loss = 0.0277007
I1222 02:39:10.708431   171 solver.cpp:244]     Train net output #0: accuracy = 0.984375
I1222 02:39:10.708456   171 solver.cpp:244]     Train net output #1: loss = 0.0277007 (* 1 = 0.0277007 loss)
I1222 02:39:10.708463   171 sgd_solver.cpp:106] Iteration 3600, lr = 0.00794046
I1222 02:40:13.337937   171 solver.cpp:228] Iteration 3700, loss = 0.00822676
I1222 02:40:13.338001   171 solver.cpp:244]     Train net output #0: accuracy = 1
I1222 02:40:13.338011   171 solver.cpp:244]     Train net output #1: loss = 0.00822676 (* 1 = 0.00822676 loss)
I1222 02:40:13.338016   171 sgd_solver.cpp:106] Iteration 3700, lr = 0.00789695
I1222 02:41:15.751359   171 solver.cpp:228] Iteration 3800, loss = 0.0130525
I1222 02:41:15.751423   171 solver.cpp:244]     Train net output #0: accuracy = 1
I1222 02:41:15.751432   171 solver.cpp:244]     Train net output #1: loss = 0.0130525 (* 1 = 0.0130525 loss)
I1222 02:41:15.751439   171 sgd_solver.cpp:106] Iteration 3800, lr = 0.007854
I1222 02:42:17.924237   171 solver.cpp:228] Iteration 3900, loss = 0.0243864
I1222 02:42:17.924394   171 solver.cpp:244]     Train net output #0: accuracy = 1
I1222 02:42:17.924407   171 solver.cpp:244]     Train net output #1: loss = 0.0243864 (* 1 = 0.0243864 loss)
I1222 02:42:17.924413   171 sgd_solver.cpp:106] Iteration 3900, lr = 0.00781158
I1222 02:43:19.573671   171 solver.cpp:454] Snapshotting to binary proto file /workspace/parkingclassifier-caffe/lenet32x40_3_ive_20191221_iter_4000.caffemodel
I1222 02:43:19.578492   171 sgd_solver.cpp:273] Snapshotting solver state to binary proto file /workspace/parkingclassifier-caffe/lenet32x40_3_ive_20191221_iter_4000.solverstate
I1222 02:43:19.580473   171 solver.cpp:337] Iteration 4000, Testing net (#0)
I1222 02:43:56.586983   171 solver.cpp:404]     Test net output #0: accuracy = 0.992
I1222 02:43:56.587055   171 solver.cpp:404]     Test net output #1: loss = 0.0229755 (* 1 = 0.0229755 loss)
I1222 02:43:57.206272   171 solver.cpp:228] Iteration 4000, loss = 0.00108398
I1222 02:43:57.206312   171 solver.cpp:244]     Train net output #0: accuracy = 1
I1222 02:43:57.206321   171 solver.cpp:244]     Train net output #1: loss = 0.00108398 (* 1 = 0.00108398 loss)
I1222 02:43:57.206326   171 sgd_solver.cpp:106] Iteration 4000, lr = 0.0077697
I1222 02:44:59.422226   171 solver.cpp:228] Iteration 4100, loss = 0.0060389
I1222 02:44:59.422387   171 solver.cpp:244]     Train net output #0: accuracy = 1
I1222 02:44:59.422399   171 solver.cpp:244]     Train net output #1: loss = 0.00603892 (* 1 = 0.00603892 loss)
I1222 02:44:59.422406   171 sgd_solver.cpp:106] Iteration 4100, lr = 0.00772833
I1222 02:46:01.880282   171 solver.cpp:228] Iteration 4200, loss = 0.0153585
I1222 02:46:01.880441   171 solver.cpp:244]     Train net output #0: accuracy = 1
I1222 02:46:01.880453   171 solver.cpp:244]     Train net output #1: loss = 0.0153585 (* 1 = 0.0153585 loss)
I1222 02:46:01.880460   171 sgd_solver.cpp:106] Iteration 4200, lr = 0.00768748
I1222 02:47:04.392627   171 solver.cpp:228] Iteration 4300, loss = 0.00160555
I1222 02:47:04.392722   171 solver.cpp:244]     Train net output #0: accuracy = 1
I1222 02:47:04.392745   171 solver.cpp:244]     Train net output #1: loss = 0.00160557 (* 1 = 0.00160557 loss)
I1222 02:47:04.392750   171 sgd_solver.cpp:106] Iteration 4300, lr = 0.00764712
I1222 02:48:06.870304   171 solver.cpp:228] Iteration 4400, loss = 0.0261773
I1222 02:48:06.870393   171 solver.cpp:244]     Train net output #0: accuracy = 0.984375
I1222 02:48:06.870402   171 solver.cpp:244]     Train net output #1: loss = 0.0261773 (* 1 = 0.0261773 loss)
I1222 02:48:06.870409   171 sgd_solver.cpp:106] Iteration 4400, lr = 0.00760726
I1222 02:49:08.534755   171 solver.cpp:454] Snapshotting to binary proto file /workspace/parkingclassifier-caffe/lenet32x40_3_ive_20191221_iter_4500.caffemodel
I1222 02:49:08.539531   171 sgd_solver.cpp:273] Snapshotting solver state to binary proto file /workspace/parkingclassifier-caffe/lenet32x40_3_ive_20191221_iter_4500.solverstate
I1222 02:49:08.541615   171 solver.cpp:337] Iteration 4500, Testing net (#0)
I1222 02:49:45.480542   171 solver.cpp:404]     Test net output #0: accuracy = 0.9922
I1222 02:49:45.480607   171 solver.cpp:404]     Test net output #1: loss = 0.025072 (* 1 = 0.025072 loss)
I1222 02:49:46.100124   171 solver.cpp:228] Iteration 4500, loss = 0.018539
I1222 02:49:46.100165   171 solver.cpp:244]     Train net output #0: accuracy = 0.984375
I1222 02:49:46.100173   171 solver.cpp:244]     Train net output #1: loss = 0.018539 (* 1 = 0.018539 loss)
I1222 02:49:46.100180   171 sgd_solver.cpp:106] Iteration 4500, lr = 0.00756788
I1222 02:50:48.582137   171 solver.cpp:228] Iteration 4600, loss = 0.00356235
I1222 02:50:48.582217   171 solver.cpp:244]     Train net output #0: accuracy = 1
I1222 02:50:48.582239   171 solver.cpp:244]     Train net output #1: loss = 0.00356236 (* 1 = 0.00356236 loss)
I1222 02:50:48.582258   171 sgd_solver.cpp:106] Iteration 4600, lr = 0.00752897
I1222 02:51:51.042446   171 solver.cpp:228] Iteration 4700, loss = 0.0133557
I1222 02:51:51.042527   171 solver.cpp:244]     Train net output #0: accuracy = 1
I1222 02:51:51.042549   171 solver.cpp:244]     Train net output #1: loss = 0.0133557 (* 1 = 0.0133557 loss)
I1222 02:51:51.042568   171 sgd_solver.cpp:106] Iteration 4700, lr = 0.00749052
I1222 02:52:53.527065   171 solver.cpp:228] Iteration 4800, loss = 0.0262783
I1222 02:52:53.527179   171 solver.cpp:244]     Train net output #0: accuracy = 0.984375
I1222 02:52:53.527201   171 solver.cpp:244]     Train net output #1: loss = 0.0262784 (* 1 = 0.0262784 loss)
I1222 02:52:53.527220   171 sgd_solver.cpp:106] Iteration 4800, lr = 0.00745253
I1222 02:53:56.009846   171 solver.cpp:228] Iteration 4900, loss = 0.0157814
I1222 02:53:56.009925   171 solver.cpp:244]     Train net output #0: accuracy = 1
I1222 02:53:56.009946   171 solver.cpp:244]     Train net output #1: loss = 0.0157814 (* 1 = 0.0157814 loss)
I1222 02:53:56.009953   171 sgd_solver.cpp:106] Iteration 4900, lr = 0.00741498
I1222 02:54:57.864909   171 solver.cpp:454] Snapshotting to binary proto file /workspace/parkingclassifier-caffe/lenet32x40_3_ive_20191221_iter_5000.caffemodel
I1222 02:54:57.869712   171 sgd_solver.cpp:273] Snapshotting solver state to binary proto file /workspace/parkingclassifier-caffe/lenet32x40_3_ive_20191221_iter_5000.solverstate
I1222 02:54:57.871799   171 solver.cpp:337] Iteration 5000, Testing net (#0)
I1222 02:55:34.870345   171 solver.cpp:404]     Test net output #0: accuracy = 0.9912
I1222 02:55:34.870512   171 solver.cpp:404]     Test net output #1: loss = 0.0251012 (* 1 = 0.0251012 loss)
I1222 02:55:35.490551   171 solver.cpp:228] Iteration 5000, loss = 0.0114955
I1222 02:55:35.490590   171 solver.cpp:244]     Train net output #0: accuracy = 1
I1222 02:55:35.490598   171 solver.cpp:244]     Train net output #1: loss = 0.0114955 (* 1 = 0.0114955 loss)
I1222 02:55:35.490604   171 sgd_solver.cpp:106] Iteration 5000, lr = 0.00737788
I1222 02:56:38.000053   171 solver.cpp:228] Iteration 5100, loss = 0.0104214
I1222 02:56:38.000115   171 solver.cpp:244]     Train net output #0: accuracy = 1
I1222 02:56:38.000124   171 solver.cpp:244]     Train net output #1: loss = 0.0104214 (* 1 = 0.0104214 loss)
I1222 02:56:38.000130   171 sgd_solver.cpp:106] Iteration 5100, lr = 0.0073412
I1222 02:57:40.526978   171 solver.cpp:228] Iteration 5200, loss = 0.0230797
I1222 02:57:40.527065   171 solver.cpp:244]     Train net output #0: accuracy = 1
I1222 02:57:40.527076   171 solver.cpp:244]     Train net output #1: loss = 0.0230797 (* 1 = 0.0230797 loss)
I1222 02:57:40.527082   171 sgd_solver.cpp:106] Iteration 5200, lr = 0.00730495
I1222 02:58:43.039686   171 solver.cpp:228] Iteration 5300, loss = 0.0281967
I1222 02:58:43.039851   171 solver.cpp:244]     Train net output #0: accuracy = 0.984375
I1222 02:58:43.039863   171 solver.cpp:244]     Train net output #1: loss = 0.0281967 (* 1 = 0.0281967 loss)
I1222 02:58:43.039870   171 sgd_solver.cpp:106] Iteration 5300, lr = 0.00726911
I1222 02:59:45.487617   171 solver.cpp:228] Iteration 5400, loss = 0.00481418
I1222 02:59:45.487679   171 solver.cpp:244]     Train net output #0: accuracy = 1
I1222 02:59:45.487686   171 solver.cpp:244]     Train net output #1: loss = 0.00481417 (* 1 = 0.00481417 loss)
I1222 02:59:45.487694   171 sgd_solver.cpp:106] Iteration 5400, lr = 0.00723368
I1222 03:00:47.320426   171 solver.cpp:454] Snapshotting to binary proto file /workspace/parkingclassifier-caffe/lenet32x40_3_ive_20191221_iter_5500.caffemodel
I1222 03:00:47.325189   171 sgd_solver.cpp:273] Snapshotting solver state to binary proto file /workspace/parkingclassifier-caffe/lenet32x40_3_ive_20191221_iter_5500.solverstate
I1222 03:00:47.327178   171 solver.cpp:337] Iteration 5500, Testing net (#0)
I1222 03:01:24.473453   171 solver.cpp:404]     Test net output #0: accuracy = 0.9942
I1222 03:01:24.473582   171 solver.cpp:404]     Test net output #1: loss = 0.0197999 (* 1 = 0.0197999 loss)
I1222 03:01:25.092723   171 solver.cpp:228] Iteration 5500, loss = 0.00484435
I1222 03:01:25.092766   171 solver.cpp:244]     Train net output #0: accuracy = 1
I1222 03:01:25.092773   171 solver.cpp:244]     Train net output #1: loss = 0.00484433 (* 1 = 0.00484433 loss)
I1222 03:01:25.092779   171 sgd_solver.cpp:106] Iteration 5500, lr = 0.00719865
I1222 03:02:27.542184   171 solver.cpp:228] Iteration 5600, loss = 0.0398498
I1222 03:02:27.542284   171 solver.cpp:244]     Train net output #0: accuracy = 0.984375
I1222 03:02:27.542294   171 solver.cpp:244]     Train net output #1: loss = 0.0398498 (* 1 = 0.0398498 loss)
I1222 03:02:27.542300   171 sgd_solver.cpp:106] Iteration 5600, lr = 0.00716402
I1222 03:03:29.821678   171 solver.cpp:228] Iteration 5700, loss = 0.00233521
I1222 03:03:29.821838   171 solver.cpp:244]     Train net output #0: accuracy = 1
I1222 03:03:29.821851   171 solver.cpp:244]     Train net output #1: loss = 0.0023352 (* 1 = 0.0023352 loss)
I1222 03:03:29.821857   171 sgd_solver.cpp:106] Iteration 5700, lr = 0.00712977
I1222 03:04:32.513017   171 solver.cpp:228] Iteration 5800, loss = 0.0214355
I1222 03:04:32.513175   171 solver.cpp:244]     Train net output #0: accuracy = 0.984375
I1222 03:04:32.513188   171 solver.cpp:244]     Train net output #1: loss = 0.0214354 (* 1 = 0.0214354 loss)
I1222 03:04:32.513195   171 sgd_solver.cpp:106] Iteration 5800, lr = 0.0070959
I1222 03:05:34.956663   171 solver.cpp:228] Iteration 5900, loss = 0.0123018
I1222 03:05:34.956723   171 solver.cpp:244]     Train net output #0: accuracy = 1
I1222 03:05:34.956732   171 solver.cpp:244]     Train net output #1: loss = 0.0123018 (* 1 = 0.0123018 loss)
I1222 03:05:34.956738   171 sgd_solver.cpp:106] Iteration 5900, lr = 0.0070624
I1222 03:06:36.713680   171 solver.cpp:454] Snapshotting to binary proto file /workspace/parkingclassifier-caffe/lenet32x40_3_ive_20191221_iter_6000.caffemodel
I1222 03:06:36.718288   171 sgd_solver.cpp:273] Snapshotting solver state to binary proto file /workspace/parkingclassifier-caffe/lenet32x40_3_ive_20191221_iter_6000.solverstate
I1222 03:06:36.720384   171 solver.cpp:337] Iteration 6000, Testing net (#0)
I1222 03:07:13.871042   171 solver.cpp:404]     Test net output #0: accuracy = 0.9901
I1222 03:07:13.871206   171 solver.cpp:404]     Test net output #1: loss = 0.0288041 (* 1 = 0.0288041 loss)
I1222 03:07:14.490749   171 solver.cpp:228] Iteration 6000, loss = 0.0415841
I1222 03:07:14.490790   171 solver.cpp:244]     Train net output #0: accuracy = 0.984375
I1222 03:07:14.490798   171 solver.cpp:244]     Train net output #1: loss = 0.0415841 (* 1 = 0.0415841 loss)
I1222 03:07:14.490805   171 sgd_solver.cpp:106] Iteration 6000, lr = 0.00702927
I1222 03:08:17.264868   171 solver.cpp:228] Iteration 6100, loss = 0.0292441
I1222 03:08:17.265040   171 solver.cpp:244]     Train net output #0: accuracy = 0.984375
I1222 03:08:17.265066   171 solver.cpp:244]     Train net output #1: loss = 0.0292441 (* 1 = 0.0292441 loss)
I1222 03:08:17.265072   171 sgd_solver.cpp:106] Iteration 6100, lr = 0.0069965
I1222 03:09:19.964684   171 solver.cpp:228] Iteration 6200, loss = 0.00196795
I1222 03:09:19.964848   171 solver.cpp:244]     Train net output #0: accuracy = 1
I1222 03:09:19.964859   171 solver.cpp:244]     Train net output #1: loss = 0.00196792 (* 1 = 0.00196792 loss)
I1222 03:09:19.964865   171 sgd_solver.cpp:106] Iteration 6200, lr = 0.00696408
I1222 03:10:22.392828   171 solver.cpp:228] Iteration 6300, loss = 0.0204782
I1222 03:10:22.392889   171 solver.cpp:244]     Train net output #0: accuracy = 0.984375
I1222 03:10:22.392896   171 solver.cpp:244]     Train net output #1: loss = 0.0204781 (* 1 = 0.0204781 loss)
I1222 03:10:22.392902   171 sgd_solver.cpp:106] Iteration 6300, lr = 0.00693201
I1222 03:11:24.890323   171 solver.cpp:228] Iteration 6400, loss = 0.00288558
I1222 03:11:24.890488   171 solver.cpp:244]     Train net output #0: accuracy = 1
I1222 03:11:24.890501   171 solver.cpp:244]     Train net output #1: loss = 0.00288555 (* 1 = 0.00288555 loss)
I1222 03:11:24.890507   171 sgd_solver.cpp:106] Iteration 6400, lr = 0.00690029
I1222 03:12:26.607291   171 solver.cpp:454] Snapshotting to binary proto file /workspace/parkingclassifier-caffe/lenet32x40_3_ive_20191221_iter_6500.caffemodel
I1222 03:12:26.612017   171 sgd_solver.cpp:273] Snapshotting solver state to binary proto file /workspace/parkingclassifier-caffe/lenet32x40_3_ive_20191221_iter_6500.solverstate
I1222 03:12:26.614025   171 solver.cpp:337] Iteration 6500, Testing net (#0)
I1222 03:13:03.484078   171 solver.cpp:404]     Test net output #0: accuracy = 0.9908
I1222 03:13:03.484242   171 solver.cpp:404]     Test net output #1: loss = 0.0248783 (* 1 = 0.0248783 loss)
I1222 03:13:04.104393   171 solver.cpp:228] Iteration 6500, loss = 0.0416256
I1222 03:13:04.104434   171 solver.cpp:244]     Train net output #0: accuracy = 0.984375
I1222 03:13:04.104442   171 solver.cpp:244]     Train net output #1: loss = 0.0416255 (* 1 = 0.0416255 loss)
I1222 03:13:04.104449   171 sgd_solver.cpp:106] Iteration 6500, lr = 0.0068689
I1222 03:14:06.426630   171 solver.cpp:228] Iteration 6600, loss = 0.0165477
I1222 03:14:06.426692   171 solver.cpp:244]     Train net output #0: accuracy = 0.984375
I1222 03:14:06.426700   171 solver.cpp:244]     Train net output #1: loss = 0.0165477 (* 1 = 0.0165477 loss)
I1222 03:14:06.426707   171 sgd_solver.cpp:106] Iteration 6600, lr = 0.00683784
I1222 03:15:08.916177   171 solver.cpp:228] Iteration 6700, loss = 0.00390987
I1222 03:15:08.916239   171 solver.cpp:244]     Train net output #0: accuracy = 1
I1222 03:15:08.916249   171 solver.cpp:244]     Train net output #1: loss = 0.00390983 (* 1 = 0.00390983 loss)
I1222 03:15:08.916254   171 sgd_solver.cpp:106] Iteration 6700, lr = 0.00680711
I1222 03:16:11.239876   171 solver.cpp:228] Iteration 6800, loss = 0.00129854
I1222 03:16:11.240037   171 solver.cpp:244]     Train net output #0: accuracy = 1
I1222 03:16:11.240062   171 solver.cpp:244]     Train net output #1: loss = 0.00129846 (* 1 = 0.00129846 loss)
I1222 03:16:11.240069   171 sgd_solver.cpp:106] Iteration 6800, lr = 0.0067767
I1222 03:17:13.842417   171 solver.cpp:228] Iteration 6900, loss = 0.0123471
I1222 03:17:13.842530   171 solver.cpp:244]     Train net output #0: accuracy = 1
I1222 03:17:13.842552   171 solver.cpp:244]     Train net output #1: loss = 0.0123471 (* 1 = 0.0123471 loss)
I1222 03:17:13.842558   171 sgd_solver.cpp:106] Iteration 6900, lr = 0.0067466
I1222 03:18:15.815135   171 solver.cpp:454] Snapshotting to binary proto file /workspace/parkingclassifier-caffe/lenet32x40_3_ive_20191221_iter_7000.caffemodel
I1222 03:18:15.820129   171 sgd_solver.cpp:273] Snapshotting solver state to binary proto file /workspace/parkingclassifier-caffe/lenet32x40_3_ive_20191221_iter_7000.solverstate
I1222 03:18:15.822121   171 solver.cpp:337] Iteration 7000, Testing net (#0)
I1222 03:18:53.017555   171 solver.cpp:404]     Test net output #0: accuracy = 0.9924
I1222 03:18:53.017659   171 solver.cpp:404]     Test net output #1: loss = 0.0194126 (* 1 = 0.0194126 loss)
I1222 03:18:53.638236   171 solver.cpp:228] Iteration 7000, loss = 0.0134912
I1222 03:18:53.638280   171 solver.cpp:244]     Train net output #0: accuracy = 1
I1222 03:18:53.638288   171 solver.cpp:244]     Train net output #1: loss = 0.0134911 (* 1 = 0.0134911 loss)
I1222 03:18:53.638294   171 sgd_solver.cpp:106] Iteration 7000, lr = 0.00671681
I1222 03:19:56.227118   171 solver.cpp:228] Iteration 7100, loss = 0.00619452
I1222 03:19:56.227180   171 solver.cpp:244]     Train net output #0: accuracy = 1
I1222 03:19:56.227190   171 solver.cpp:244]     Train net output #1: loss = 0.00619443 (* 1 = 0.00619443 loss)
I1222 03:19:56.227195   171 sgd_solver.cpp:106] Iteration 7100, lr = 0.00668733
I1222 03:20:58.717674   171 solver.cpp:228] Iteration 7200, loss = 0.00965757
I1222 03:20:58.717836   171 solver.cpp:244]     Train net output #0: accuracy = 1
I1222 03:20:58.717849   171 solver.cpp:244]     Train net output #1: loss = 0.00965748 (* 1 = 0.00965748 loss)
I1222 03:20:58.717855   171 sgd_solver.cpp:106] Iteration 7200, lr = 0.00665815
I1222 03:22:01.252022   171 solver.cpp:228] Iteration 7300, loss = 0.00117792
I1222 03:22:01.252090   171 solver.cpp:244]     Train net output #0: accuracy = 1
I1222 03:22:01.252100   171 solver.cpp:244]     Train net output #1: loss = 0.00117785 (* 1 = 0.00117785 loss)
I1222 03:22:01.252107   171 sgd_solver.cpp:106] Iteration 7300, lr = 0.00662927
I1222 03:23:03.587924   171 solver.cpp:228] Iteration 7400, loss = 0.0052062
I1222 03:23:03.587987   171 solver.cpp:244]     Train net output #0: accuracy = 1
I1222 03:23:03.587996   171 solver.cpp:244]     Train net output #1: loss = 0.00520614 (* 1 = 0.00520614 loss)
I1222 03:23:03.588002   171 sgd_solver.cpp:106] Iteration 7400, lr = 0.00660067
I1222 03:24:05.249022   171 solver.cpp:454] Snapshotting to binary proto file /workspace/parkingclassifier-caffe/lenet32x40_3_ive_20191221_iter_7500.caffemodel
I1222 03:24:05.253753   171 sgd_solver.cpp:273] Snapshotting solver state to binary proto file /workspace/parkingclassifier-caffe/lenet32x40_3_ive_20191221_iter_7500.solverstate
I1222 03:24:05.255777   171 solver.cpp:337] Iteration 7500, Testing net (#0)
I1222 03:24:42.232004   171 solver.cpp:404]     Test net output #0: accuracy = 0.9923
I1222 03:24:42.232069   171 solver.cpp:404]     Test net output #1: loss = 0.0219329 (* 1 = 0.0219329 loss)
I1222 03:24:42.852174   171 solver.cpp:228] Iteration 7500, loss = 0.000548529
I1222 03:24:42.852216   171 solver.cpp:244]     Train net output #0: accuracy = 1
I1222 03:24:42.852224   171 solver.cpp:244]     Train net output #1: loss = 0.000548457 (* 1 = 0.000548457 loss)
I1222 03:24:42.852231   171 sgd_solver.cpp:106] Iteration 7500, lr = 0.00657236
I1222 03:25:45.257998   171 solver.cpp:228] Iteration 7600, loss = 0.00110509
I1222 03:25:45.258142   171 solver.cpp:244]     Train net output #0: accuracy = 1
I1222 03:25:45.258168   171 solver.cpp:244]     Train net output #1: loss = 0.00110502 (* 1 = 0.00110502 loss)
I1222 03:25:45.258175   171 sgd_solver.cpp:106] Iteration 7600, lr = 0.00654433
I1222 03:26:47.917127   171 solver.cpp:228] Iteration 7700, loss = 0.041168
I1222 03:26:47.917285   171 solver.cpp:244]     Train net output #0: accuracy = 0.96875
I1222 03:26:47.917297   171 solver.cpp:244]     Train net output #1: loss = 0.041168 (* 1 = 0.041168 loss)
I1222 03:26:47.917304   171 sgd_solver.cpp:106] Iteration 7700, lr = 0.00651658
I1222 03:27:50.557548   171 solver.cpp:228] Iteration 7800, loss = 0.0268958
I1222 03:27:50.557708   171 solver.cpp:244]     Train net output #0: accuracy = 0.96875
I1222 03:27:50.557719   171 solver.cpp:244]     Train net output #1: loss = 0.0268958 (* 1 = 0.0268958 loss)
I1222 03:27:50.557726   171 sgd_solver.cpp:106] Iteration 7800, lr = 0.00648911
I1222 03:28:53.226179   171 solver.cpp:228] Iteration 7900, loss = 0.0366202
I1222 03:28:53.226269   171 solver.cpp:244]     Train net output #0: accuracy = 0.96875
I1222 03:28:53.226279   171 solver.cpp:244]     Train net output #1: loss = 0.0366201 (* 1 = 0.0366201 loss)
I1222 03:28:53.226285   171 sgd_solver.cpp:106] Iteration 7900, lr = 0.0064619
I1222 03:29:55.396631   171 solver.cpp:454] Snapshotting to binary proto file /workspace/parkingclassifier-caffe/lenet32x40_3_ive_20191221_iter_8000.caffemodel
I1222 03:29:55.401341   171 sgd_solver.cpp:273] Snapshotting solver state to binary proto file /workspace/parkingclassifier-caffe/lenet32x40_3_ive_20191221_iter_8000.solverstate
I1222 03:29:55.403434   171 solver.cpp:337] Iteration 8000, Testing net (#0)
I1222 03:30:32.660295   171 solver.cpp:404]     Test net output #0: accuracy = 0.9931
I1222 03:30:32.660399   171 solver.cpp:404]     Test net output #1: loss = 0.0206102 (* 1 = 0.0206102 loss)
I1222 03:30:33.281088   171 solver.cpp:228] Iteration 8000, loss = 0.00208049
I1222 03:30:33.281132   171 solver.cpp:244]     Train net output #0: accuracy = 1
I1222 03:30:33.281141   171 solver.cpp:244]     Train net output #1: loss = 0.00208043 (* 1 = 0.00208043 loss)
I1222 03:30:33.281147   171 sgd_solver.cpp:106] Iteration 8000, lr = 0.00643496
I1222 03:31:35.507901   171 solver.cpp:228] Iteration 8100, loss = 0.0292459
I1222 03:31:35.508070   171 solver.cpp:244]     Train net output #0: accuracy = 0.984375
I1222 03:31:35.508082   171 solver.cpp:244]     Train net output #1: loss = 0.0292458 (* 1 = 0.0292458 loss)
I1222 03:31:35.508088   171 sgd_solver.cpp:106] Iteration 8100, lr = 0.00640827
I1222 03:32:38.117697   171 solver.cpp:228] Iteration 8200, loss = 0.0244665
I1222 03:32:38.117856   171 solver.cpp:244]     Train net output #0: accuracy = 1
I1222 03:32:38.117868   171 solver.cpp:244]     Train net output #1: loss = 0.0244665 (* 1 = 0.0244665 loss)
I1222 03:32:38.117874   171 sgd_solver.cpp:106] Iteration 8200, lr = 0.00638185
I1222 03:33:40.677088   171 solver.cpp:228] Iteration 8300, loss = 0.00268016
I1222 03:33:40.677148   171 solver.cpp:244]     Train net output #0: accuracy = 1
I1222 03:33:40.677157   171 solver.cpp:244]     Train net output #1: loss = 0.00268009 (* 1 = 0.00268009 loss)
I1222 03:33:40.677163   171 sgd_solver.cpp:106] Iteration 8300, lr = 0.00635567
I1222 03:34:43.196306   171 solver.cpp:228] Iteration 8400, loss = 0.000429682
I1222 03:34:43.196389   171 solver.cpp:244]     Train net output #0: accuracy = 1
I1222 03:34:43.196398   171 solver.cpp:244]     Train net output #1: loss = 0.000429643 (* 1 = 0.000429643 loss)
I1222 03:34:43.196404   171 sgd_solver.cpp:106] Iteration 8400, lr = 0.00632975
I1222 03:35:45.245147   171 solver.cpp:454] Snapshotting to binary proto file /workspace/parkingclassifier-caffe/lenet32x40_3_ive_20191221_iter_8500.caffemodel
I1222 03:35:45.250188   171 sgd_solver.cpp:273] Snapshotting solver state to binary proto file /workspace/parkingclassifier-caffe/lenet32x40_3_ive_20191221_iter_8500.solverstate
I1222 03:35:45.252476   171 solver.cpp:337] Iteration 8500, Testing net (#0)
I1222 03:36:22.358462   171 solver.cpp:404]     Test net output #0: accuracy = 0.9939
I1222 03:36:22.358628   171 solver.cpp:404]     Test net output #1: loss = 0.0186522 (* 1 = 0.0186522 loss)
I1222 03:36:22.979454   171 solver.cpp:228] Iteration 8500, loss = 0.010087
I1222 03:36:22.979493   171 solver.cpp:244]     Train net output #0: accuracy = 1
I1222 03:36:22.979501   171 solver.cpp:244]     Train net output #1: loss = 0.0100869 (* 1 = 0.0100869 loss)
I1222 03:36:22.979508   171 sgd_solver.cpp:106] Iteration 8500, lr = 0.00630407
I1222 03:37:25.568797   171 solver.cpp:228] Iteration 8600, loss = 0.00747228
I1222 03:37:25.568966   171 solver.cpp:244]     Train net output #0: accuracy = 1
I1222 03:37:25.568992   171 solver.cpp:244]     Train net output #1: loss = 0.00747222 (* 1 = 0.00747222 loss)
I1222 03:37:25.569000   171 sgd_solver.cpp:106] Iteration 8600, lr = 0.00627864
I1222 03:38:28.182911   171 solver.cpp:228] Iteration 8700, loss = 0.0881097
I1222 03:38:28.183107   171 solver.cpp:244]     Train net output #0: accuracy = 0.9375
I1222 03:38:28.183133   171 solver.cpp:244]     Train net output #1: loss = 0.0881096 (* 1 = 0.0881096 loss)
I1222 03:38:28.183140   171 sgd_solver.cpp:106] Iteration 8700, lr = 0.00625344
I1222 03:39:30.700019   171 solver.cpp:228] Iteration 8800, loss = 0.006835
I1222 03:39:30.700196   171 solver.cpp:244]     Train net output #0: accuracy = 1
I1222 03:39:30.700207   171 solver.cpp:244]     Train net output #1: loss = 0.00683494 (* 1 = 0.00683494 loss)
I1222 03:39:30.700213   171 sgd_solver.cpp:106] Iteration 8800, lr = 0.00622847
I1222 03:40:33.314074   171 solver.cpp:228] Iteration 8900, loss = 0.0304217
I1222 03:40:33.314239   171 solver.cpp:244]     Train net output #0: accuracy = 0.984375
I1222 03:40:33.314251   171 solver.cpp:244]     Train net output #1: loss = 0.0304217 (* 1 = 0.0304217 loss)
I1222 03:40:33.314257   171 sgd_solver.cpp:106] Iteration 8900, lr = 0.00620374
I1222 03:41:35.288686   171 solver.cpp:454] Snapshotting to binary proto file /workspace/parkingclassifier-caffe/lenet32x40_3_ive_20191221_iter_9000.caffemodel
I1222 03:41:35.293357   171 sgd_solver.cpp:273] Snapshotting solver state to binary proto file /workspace/parkingclassifier-caffe/lenet32x40_3_ive_20191221_iter_9000.solverstate
I1222 03:41:35.295431   171 solver.cpp:337] Iteration 9000, Testing net (#0)
I1222 03:42:12.530551   171 solver.cpp:404]     Test net output #0: accuracy = 0.9944
I1222 03:42:12.530622   171 solver.cpp:404]     Test net output #1: loss = 0.0180315 (* 1 = 0.0180315 loss)
I1222 03:42:13.149870   171 solver.cpp:228] Iteration 9000, loss = 0.00954723
I1222 03:42:13.149910   171 solver.cpp:244]     Train net output #0: accuracy = 1
I1222 03:42:13.149917   171 solver.cpp:244]     Train net output #1: loss = 0.00954717 (* 1 = 0.00954717 loss)
I1222 03:42:13.149924   171 sgd_solver.cpp:106] Iteration 9000, lr = 0.00617924
I1222 03:43:15.703004   171 solver.cpp:228] Iteration 9100, loss = 0.0144929
I1222 03:43:15.703158   171 solver.cpp:244]     Train net output #0: accuracy = 1
I1222 03:43:15.703171   171 solver.cpp:244]     Train net output #1: loss = 0.0144929 (* 1 = 0.0144929 loss)
I1222 03:43:15.703176   171 sgd_solver.cpp:106] Iteration 9100, lr = 0.00615496
I1222 03:44:18.373261   171 solver.cpp:228] Iteration 9200, loss = 0.00143105
I1222 03:44:18.373325   171 solver.cpp:244]     Train net output #0: accuracy = 1
I1222 03:44:18.373334   171 solver.cpp:244]     Train net output #1: loss = 0.00143099 (* 1 = 0.00143099 loss)
I1222 03:44:18.373340   171 sgd_solver.cpp:106] Iteration 9200, lr = 0.0061309
I1222 03:45:20.838233   171 solver.cpp:228] Iteration 9300, loss = 0.00676392
I1222 03:45:20.838294   171 solver.cpp:244]     Train net output #0: accuracy = 1
I1222 03:45:20.838302   171 solver.cpp:244]     Train net output #1: loss = 0.00676386 (* 1 = 0.00676386 loss)
I1222 03:45:20.838308   171 sgd_solver.cpp:106] Iteration 9300, lr = 0.00610706
I1222 03:46:23.193847   171 solver.cpp:228] Iteration 9400, loss = 0.016344
I1222 03:46:23.193905   171 solver.cpp:244]     Train net output #0: accuracy = 0.984375
I1222 03:46:23.193914   171 solver.cpp:244]     Train net output #1: loss = 0.0163439 (* 1 = 0.0163439 loss)
I1222 03:46:23.193920   171 sgd_solver.cpp:106] Iteration 9400, lr = 0.00608343
I1222 03:47:24.829308   171 solver.cpp:454] Snapshotting to binary proto file /workspace/parkingclassifier-caffe/lenet32x40_3_ive_20191221_iter_9500.caffemodel
I1222 03:47:24.834017   171 sgd_solver.cpp:273] Snapshotting solver state to binary proto file /workspace/parkingclassifier-caffe/lenet32x40_3_ive_20191221_iter_9500.solverstate
I1222 03:47:24.836082   171 solver.cpp:337] Iteration 9500, Testing net (#0)
I1222 03:48:02.040355   171 solver.cpp:404]     Test net output #0: accuracy = 0.9949
I1222 03:48:02.040518   171 solver.cpp:404]     Test net output #1: loss = 0.0148688 (* 1 = 0.0148688 loss)
I1222 03:48:02.662302   171 solver.cpp:228] Iteration 9500, loss = 0.0157237
I1222 03:48:02.662343   171 solver.cpp:244]     Train net output #0: accuracy = 0.984375
I1222 03:48:02.662351   171 solver.cpp:244]     Train net output #1: loss = 0.0157237 (* 1 = 0.0157237 loss)
I1222 03:48:02.662358   171 sgd_solver.cpp:106] Iteration 9500, lr = 0.00606002
I1222 03:49:04.886605   171 solver.cpp:228] Iteration 9600, loss = 0.00678186
I1222 03:49:04.886812   171 solver.cpp:244]     Train net output #0: accuracy = 1
I1222 03:49:04.886824   171 solver.cpp:244]     Train net output #1: loss = 0.00678182 (* 1 = 0.00678182 loss)
I1222 03:49:04.886845   171 sgd_solver.cpp:106] Iteration 9600, lr = 0.00603682
I1222 03:50:07.301187   171 solver.cpp:228] Iteration 9700, loss = 0.00325706
I1222 03:50:07.301239   171 solver.cpp:244]     Train net output #0: accuracy = 1
I1222 03:50:07.301261   171 solver.cpp:244]     Train net output #1: loss = 0.00325702 (* 1 = 0.00325702 loss)
I1222 03:50:07.301267   171 sgd_solver.cpp:106] Iteration 9700, lr = 0.00601382
I1222 03:51:09.624501   171 solver.cpp:228] Iteration 9800, loss = 0.00204561
I1222 03:51:09.624564   171 solver.cpp:244]     Train net output #0: accuracy = 1
I1222 03:51:09.624572   171 solver.cpp:244]     Train net output #1: loss = 0.00204556 (* 1 = 0.00204556 loss)
I1222 03:51:09.624578   171 sgd_solver.cpp:106] Iteration 9800, lr = 0.00599102
I1222 03:52:11.870314   171 solver.cpp:228] Iteration 9900, loss = 0.00215101
I1222 03:52:11.870476   171 solver.cpp:244]     Train net output #0: accuracy = 1
I1222 03:52:11.870488   171 solver.cpp:244]     Train net output #1: loss = 0.00215095 (* 1 = 0.00215095 loss)
I1222 03:52:11.870494   171 sgd_solver.cpp:106] Iteration 9900, lr = 0.00596843
I1222 03:53:13.527525   171 solver.cpp:454] Snapshotting to binary proto file /workspace/parkingclassifier-caffe/lenet32x40_3_ive_20191221_iter_10000.caffemodel
I1222 03:53:13.532024   171 sgd_solver.cpp:273] Snapshotting solver state to binary proto file /workspace/parkingclassifier-caffe/lenet32x40_3_ive_20191221_iter_10000.solverstate
I1222 03:53:13.769402   171 solver.cpp:317] Iteration 10000, loss = 0.000700334
I1222 03:53:13.769443   171 solver.cpp:337] Iteration 10000, Testing net (#0)
I1222 03:53:50.805440   171 solver.cpp:404]     Test net output #0: accuracy = 0.9949
I1222 03:53:50.805619   171 solver.cpp:404]     Test net output #1: loss = 0.0167826 (* 1 = 0.0167826 loss)
I1222 03:53:50.805625   171 solver.cpp:322] Optimization Done.
I1222 03:53:50.805629   171 caffe.cpp:254] Optimization Done.
